{"C:\\Users\\jgily\\dev\\personal\\mat-kids\\src\\App.jsx": {"path":"C:\\Users\\jgily\\dev\\personal\\mat-kids\\src\\App.jsx","all":false,"statementMap":{"0":{"start":{"line":1,"column":0},"end":{"line":1,"column":32}},"1":{"start":{"line":2,"column":0},"end":{"line":2,"column":41}},"2":{"start":{"line":3,"column":0},"end":{"line":3,"column":58}},"3":{"start":{"line":4,"column":0},"end":{"line":4,"column":47}},"4":{"start":{"line":5,"column":0},"end":{"line":5,"column":61}},"6":{"start":{"line":7,"column":0},"end":{"line":7,"column":16}},"7":{"start":{"line":8,"column":0},"end":{"line":8,"column":42}},"8":{"start":{"line":9,"column":0},"end":{"line":9,"column":52}},"10":{"start":{"line":11,"column":0},"end":{"line":11,"column":16}},"11":{"start":{"line":12,"column":0},"end":{"line":12,"column":35}},"12":{"start":{"line":13,"column":0},"end":{"line":13,"column":42}},"13":{"start":{"line":14,"column":0},"end":{"line":14,"column":42}},"14":{"start":{"line":15,"column":0},"end":{"line":15,"column":38}},"15":{"start":{"line":16,"column":0},"end":{"line":16,"column":3}},"17":{"start":{"line":18,"column":0},"end":{"line":18,"column":22}},"18":{"start":{"line":19,"column":0},"end":{"line":19,"column":27}},"19":{"start":{"line":20,"column":0},"end":{"line":20,"column":3}},"21":{"start":{"line":22,"column":0},"end":{"line":22,"column":10}},"22":{"start":{"line":23,"column":0},"end":{"line":23,"column":9}},"23":{"start":{"line":24,"column":0},"end":{"line":24,"column":38}},"24":{"start":{"line":25,"column":0},"end":{"line":25,"column":42}},"25":{"start":{"line":26,"column":0},"end":{"line":26,"column":74}},"26":{"start":{"line":27,"column":0},"end":{"line":27,"column":81}},"27":{"start":{"line":28,"column":0},"end":{"line":28,"column":81}},"28":{"start":{"line":29,"column":0},"end":{"line":29,"column":78}},"29":{"start":{"line":30,"column":0},"end":{"line":30,"column":13}},"30":{"start":{"line":31,"column":0},"end":{"line":31,"column":84}},"31":{"start":{"line":32,"column":0},"end":{"line":32,"column":10}},"33":{"start":{"line":34,"column":0},"end":{"line":34,"column":1}},"35":{"start":{"line":36,"column":0},"end":{"line":36,"column":18}}},"s":{"0":1,"1":1,"2":1,"3":1,"4":1,"6":4,"7":4,"8":4,"10":4,"11":4,"12":4,"13":4,"14":4,"15":4,"17":4,"18":1,"19":1,"21":3,"22":3,"23":4,"24":4,"25":4,"26":4,"27":4,"28":4,"29":4,"30":4,"31":4,"33":4,"35":1},"branchMap":{"0":{"type":"branch","line":7,"loc":{"start":{"line":7,"column":0},"end":{"line":34,"column":1}},"locations":[{"start":{"line":7,"column":0},"end":{"line":34,"column":1}}]},"1":{"type":"branch","line":18,"loc":{"start":{"line":18,"column":21},"end":{"line":20,"column":3}},"locations":[{"start":{"line":18,"column":21},"end":{"line":20,"column":3}}]},"2":{"type":"branch","line":20,"loc":{"start":{"line":20,"column":2},"end":{"line":24,"column":36}},"locations":[{"start":{"line":20,"column":2},"end":{"line":24,"column":36}}]},"3":{"type":"branch","line":26,"loc":{"start":{"line":26,"column":23},"end":{"line":26,"column":74}},"locations":[{"start":{"line":26,"column":23},"end":{"line":26,"column":74}}]},"4":{"type":"branch","line":27,"loc":{"start":{"line":27,"column":23},"end":{"line":27,"column":81}},"locations":[{"start":{"line":27,"column":23},"end":{"line":27,"column":81}}]},"5":{"type":"branch","line":28,"loc":{"start":{"line":28,"column":23},"end":{"line":28,"column":81}},"locations":[{"start":{"line":28,"column":23},"end":{"line":28,"column":81}}]},"6":{"type":"branch","line":29,"loc":{"start":{"line":29,"column":23},"end":{"line":29,"column":78}},"locations":[{"start":{"line":29,"column":23},"end":{"line":29,"column":78}}]}},"b":{"0":[4],"1":[1],"2":[3],"3":[3],"4":[0],"5":[0],"6":[0]},"fnMap":{"0":{"name":"App","decl":{"start":{"line":7,"column":0},"end":{"line":34,"column":1}},"loc":{"start":{"line":7,"column":0},"end":{"line":34,"column":1}},"line":7}},"f":{"0":4}}
,"C:\\Users\\jgily\\dev\\personal\\mat-kids\\src\\main.jsx": {"path":"C:\\Users\\jgily\\dev\\personal\\mat-kids\\src\\main.jsx","all":true,"statementMap":{"0":{"start":{"line":1,"column":0},"end":{"line":1,"column":34}},"1":{"start":{"line":2,"column":0},"end":{"line":2,"column":45}},"2":{"start":{"line":3,"column":0},"end":{"line":3,"column":20}},"3":{"start":{"line":4,"column":0},"end":{"line":4,"column":27}},"5":{"start":{"line":6,"column":0},"end":{"line":6,"column":51}},"6":{"start":{"line":7,"column":0},"end":{"line":7,"column":14}},"7":{"start":{"line":8,"column":0},"end":{"line":8,"column":11}},"8":{"start":{"line":9,"column":0},"end":{"line":9,"column":16}},"9":{"start":{"line":10,"column":0},"end":{"line":10,"column":1}}},"s":{"0":0,"1":0,"2":0,"3":0,"5":0,"6":0,"7":0,"8":0,"9":0},"branchMap":{"0":{"type":"branch","line":1,"loc":{"start":{"line":1,"column":202},"end":{"line":10,"column":-147}},"locations":[{"start":{"line":1,"column":202},"end":{"line":10,"column":-147}}]}},"b":{"0":[0]},"fnMap":{"0":{"name":"(empty-report)","decl":{"start":{"line":1,"column":202},"end":{"line":10,"column":-147}},"loc":{"start":{"line":1,"column":202},"end":{"line":10,"column":-147}},"line":1}},"f":{"0":0}}
,"C:\\Users\\jgily\\dev\\personal\\mat-kids\\src\\components\\layout\\Header.jsx": {"path":"C:\\Users\\jgily\\dev\\personal\\mat-kids\\src\\components\\layout\\Header.jsx","all":false,"statementMap":{"0":{"start":{"line":1,"column":0},"end":{"line":1,"column":40}},"8":{"start":{"line":9,"column":0},"end":{"line":9,"column":46}},"9":{"start":{"line":10,"column":0},"end":{"line":10,"column":10}},"10":{"start":{"line":11,"column":0},"end":{"line":11,"column":38}},"11":{"start":{"line":12,"column":0},"end":{"line":12,"column":48}},"12":{"start":{"line":13,"column":0},"end":{"line":13,"column":20}},"13":{"start":{"line":14,"column":0},"end":{"line":14,"column":65}},"15":{"start":{"line":16,"column":0},"end":{"line":16,"column":13}},"17":{"start":{"line":18,"column":0},"end":{"line":18,"column":1}}},"s":{"0":1,"8":6,"9":6,"10":6,"11":6,"12":6,"13":6,"15":6,"17":6},"branchMap":{"0":{"type":"branch","line":9,"loc":{"start":{"line":9,"column":0},"end":{"line":18,"column":1}},"locations":[{"start":{"line":9,"column":0},"end":{"line":18,"column":1}}]}},"b":{"0":[6]},"fnMap":{"0":{"name":"Header","decl":{"start":{"line":9,"column":0},"end":{"line":18,"column":1}},"loc":{"start":{"line":9,"column":0},"end":{"line":18,"column":1}},"line":9}},"f":{"0":6}}
,"C:\\Users\\jgily\\dev\\personal\\mat-kids\\src\\components\\layout\\TabNavigation.jsx": {"path":"C:\\Users\\jgily\\dev\\personal\\mat-kids\\src\\components\\layout\\TabNavigation.jsx","all":false,"statementMap":{"0":{"start":{"line":1,"column":0},"end":{"line":1,"column":47}},"10":{"start":{"line":11,"column":0},"end":{"line":11,"column":73}},"11":{"start":{"line":12,"column":0},"end":{"line":12,"column":10}},"12":{"start":{"line":13,"column":0},"end":{"line":13,"column":54}},"13":{"start":{"line":14,"column":0},"end":{"line":14,"column":26}},"14":{"start":{"line":15,"column":0},"end":{"line":15,"column":45}},"15":{"start":{"line":16,"column":0},"end":{"line":16,"column":34}},"16":{"start":{"line":17,"column":0},"end":{"line":17,"column":44}},"17":{"start":{"line":18,"column":0},"end":{"line":18,"column":22}},"19":{"start":{"line":20,"column":0},"end":{"line":20,"column":16}},"20":{"start":{"line":21,"column":0},"end":{"line":21,"column":17}},"21":{"start":{"line":22,"column":0},"end":{"line":22,"column":24}},"22":{"start":{"line":23,"column":0},"end":{"line":23,"column":22}},"23":{"start":{"line":24,"column":0},"end":{"line":24,"column":36}},"24":{"start":{"line":25,"column":0},"end":{"line":25,"column":33}},"25":{"start":{"line":26,"column":0},"end":{"line":26,"column":47}},"27":{"start":{"line":28,"column":0},"end":{"line":28,"column":23}},"28":{"start":{"line":29,"column":0},"end":{"line":29,"column":19}},"30":{"start":{"line":31,"column":0},"end":{"line":31,"column":9}},"31":{"start":{"line":32,"column":0},"end":{"line":32,"column":10}},"33":{"start":{"line":34,"column":0},"end":{"line":34,"column":1}}},"s":{"0":1,"10":8,"11":8,"12":8,"13":8,"14":27,"15":27,"16":8,"17":19,"19":27,"20":27,"21":27,"22":27,"23":27,"24":27,"25":27,"27":27,"28":27,"30":8,"31":8,"33":8},"branchMap":{"0":{"type":"branch","line":11,"loc":{"start":{"line":11,"column":0},"end":{"line":34,"column":1}},"locations":[{"start":{"line":11,"column":0},"end":{"line":34,"column":1}}]},"1":{"type":"branch","line":14,"loc":{"start":{"line":14,"column":16},"end":{"line":31,"column":7}},"locations":[{"start":{"line":14,"column":16},"end":{"line":31,"column":7}}]},"2":{"type":"branch","line":16,"loc":{"start":{"line":16,"column":26},"end":{"line":17,"column":44}},"locations":[{"start":{"line":16,"column":26},"end":{"line":17,"column":44}}]},"3":{"type":"branch","line":17,"loc":{"start":{"line":17,"column":42},"end":{"line":18,"column":22}},"locations":[{"start":{"line":17,"column":42},"end":{"line":18,"column":22}}]},"4":{"type":"branch","line":26,"loc":{"start":{"line":26,"column":21},"end":{"line":26,"column":47}},"locations":[{"start":{"line":26,"column":21},"end":{"line":26,"column":47}}]}},"b":{"0":[8],"1":[27],"2":[8],"3":[19],"4":[1]},"fnMap":{"0":{"name":"TabNavigation","decl":{"start":{"line":11,"column":0},"end":{"line":34,"column":1}},"loc":{"start":{"line":11,"column":0},"end":{"line":34,"column":1}},"line":11},"1":{"name":"onClick","decl":{"start":{"line":26,"column":21},"end":{"line":26,"column":47}},"loc":{"start":{"line":26,"column":21},"end":{"line":26,"column":47}},"line":26}},"f":{"0":8,"1":1}}
,"C:\\Users\\jgily\\dev\\personal\\mat-kids\\src\\components\\ui\\Badge.jsx": {"path":"C:\\Users\\jgily\\dev\\personal\\mat-kids\\src\\components\\ui\\Badge.jsx","all":false,"statementMap":{"0":{"start":{"line":1,"column":0},"end":{"line":1,"column":39}},"9":{"start":{"line":10,"column":0},"end":{"line":10,"column":63}},"10":{"start":{"line":11,"column":0},"end":{"line":11,"column":56}},"12":{"start":{"line":13,"column":0},"end":{"line":13,"column":54}},"13":{"start":{"line":14,"column":0},"end":{"line":14,"column":1}}},"s":{"0":1,"9":6,"10":6,"12":6,"13":6},"branchMap":{"0":{"type":"branch","line":10,"loc":{"start":{"line":10,"column":0},"end":{"line":14,"column":1}},"locations":[{"start":{"line":10,"column":0},"end":{"line":14,"column":1}}]}},"b":{"0":[6]},"fnMap":{"0":{"name":"Badge","decl":{"start":{"line":10,"column":0},"end":{"line":14,"column":1}},"loc":{"start":{"line":10,"column":0},"end":{"line":14,"column":1}},"line":10}},"f":{"0":6}}
,"C:\\Users\\jgily\\dev\\personal\\mat-kids\\src\\components\\ui\\Button.jsx": {"path":"C:\\Users\\jgily\\dev\\personal\\mat-kids\\src\\components\\ui\\Button.jsx","all":false,"statementMap":{"0":{"start":{"line":1,"column":0},"end":{"line":1,"column":40}},"12":{"start":{"line":13,"column":0},"end":{"line":13,"column":32}},"13":{"start":{"line":14,"column":0},"end":{"line":14,"column":22}},"14":{"start":{"line":15,"column":0},"end":{"line":15,"column":14}},"15":{"start":{"line":16,"column":0},"end":{"line":16,"column":19}},"16":{"start":{"line":17,"column":0},"end":{"line":17,"column":10}},"17":{"start":{"line":18,"column":0},"end":{"line":18,"column":10}},"18":{"start":{"line":19,"column":0},"end":{"line":19,"column":4}},"19":{"start":{"line":20,"column":0},"end":{"line":20,"column":73}},"21":{"start":{"line":22,"column":0},"end":{"line":22,"column":10}},"22":{"start":{"line":23,"column":0},"end":{"line":23,"column":11}},"23":{"start":{"line":24,"column":0},"end":{"line":24,"column":27}},"24":{"start":{"line":25,"column":0},"end":{"line":25,"column":25}},"25":{"start":{"line":26,"column":0},"end":{"line":26,"column":23}},"26":{"start":{"line":27,"column":0},"end":{"line":27,"column":19}},"28":{"start":{"line":29,"column":0},"end":{"line":29,"column":16}},"29":{"start":{"line":30,"column":0},"end":{"line":30,"column":13}},"31":{"start":{"line":32,"column":0},"end":{"line":32,"column":1}}},"s":{"0":1,"12":5,"13":5,"14":5,"15":5,"16":5,"17":5,"18":5,"19":5,"21":5,"22":5,"23":5,"24":5,"25":5,"26":5,"28":5,"29":5,"31":5},"branchMap":{"0":{"type":"branch","line":13,"loc":{"start":{"line":13,"column":0},"end":{"line":32,"column":1}},"locations":[{"start":{"line":13,"column":0},"end":{"line":32,"column":1}}]}},"b":{"0":[5]},"fnMap":{"0":{"name":"Button","decl":{"start":{"line":13,"column":0},"end":{"line":32,"column":1}},"loc":{"start":{"line":13,"column":0},"end":{"line":32,"column":1}},"line":13}},"f":{"0":5}}
,"C:\\Users\\jgily\\dev\\personal\\mat-kids\\src\\components\\ui\\Card.jsx": {"path":"C:\\Users\\jgily\\dev\\personal\\mat-kids\\src\\components\\ui\\Card.jsx","all":false,"statementMap":{"0":{"start":{"line":1,"column":0},"end":{"line":1,"column":38}},"9":{"start":{"line":10,"column":0},"end":{"line":10,"column":51}},"10":{"start":{"line":11,"column":0},"end":{"line":11,"column":10}},"11":{"start":{"line":12,"column":0},"end":{"line":12,"column":33}},"12":{"start":{"line":13,"column":0},"end":{"line":13,"column":58}},"13":{"start":{"line":14,"column":0},"end":{"line":14,"column":54}},"14":{"start":{"line":15,"column":0},"end":{"line":15,"column":10}},"16":{"start":{"line":17,"column":0},"end":{"line":17,"column":1}}},"s":{"0":1,"9":20,"10":20,"11":20,"12":20,"13":20,"14":20,"16":20},"branchMap":{"0":{"type":"branch","line":10,"loc":{"start":{"line":10,"column":0},"end":{"line":17,"column":1}},"locations":[{"start":{"line":10,"column":0},"end":{"line":17,"column":1}}]},"1":{"type":"branch","line":13,"loc":{"start":{"line":13,"column":7},"end":{"line":13,"column":58}},"locations":[{"start":{"line":13,"column":7},"end":{"line":13,"column":58}}]}},"b":{"0":[20],"1":[18]},"fnMap":{"0":{"name":"Card","decl":{"start":{"line":10,"column":0},"end":{"line":17,"column":1}},"loc":{"start":{"line":10,"column":0},"end":{"line":17,"column":1}},"line":10}},"f":{"0":20}}
,"C:\\Users\\jgily\\dev\\personal\\mat-kids\\src\\components\\ui\\Input.jsx": {"path":"C:\\Users\\jgily\\dev\\personal\\mat-kids\\src\\components\\ui\\Input.jsx","all":false,"statementMap":{"0":{"start":{"line":1,"column":0},"end":{"line":1,"column":29}},"1":{"start":{"line":2,"column":0},"end":{"line":2,"column":39}},"14":{"start":{"line":15,"column":0},"end":{"line":15,"column":31}},"15":{"start":{"line":16,"column":0},"end":{"line":16,"column":8}},"16":{"start":{"line":17,"column":0},"end":{"line":17,"column":16}},"17":{"start":{"line":18,"column":0},"end":{"line":18,"column":8}},"18":{"start":{"line":19,"column":0},"end":{"line":19,"column":8}},"19":{"start":{"line":20,"column":0},"end":{"line":20,"column":11}},"20":{"start":{"line":21,"column":0},"end":{"line":21,"column":19}},"21":{"start":{"line":22,"column":0},"end":{"line":22,"column":4}},"22":{"start":{"line":23,"column":0},"end":{"line":23,"column":20}},"23":{"start":{"line":24,"column":0},"end":{"line":24,"column":31}},"25":{"start":{"line":26,"column":0},"end":{"line":26,"column":30}},"26":{"start":{"line":27,"column":0},"end":{"line":27,"column":39}},"27":{"start":{"line":28,"column":0},"end":{"line":28,"column":18}},"29":{"start":{"line":30,"column":0},"end":{"line":30,"column":31}},"30":{"start":{"line":31,"column":0},"end":{"line":31,"column":28}},"31":{"start":{"line":32,"column":0},"end":{"line":32,"column":3}},"33":{"start":{"line":34,"column":0},"end":{"line":34,"column":10}},"34":{"start":{"line":35,"column":0},"end":{"line":35,"column":38}},"35":{"start":{"line":36,"column":0},"end":{"line":36,"column":51}},"36":{"start":{"line":37,"column":0},"end":{"line":37,"column":15}},"37":{"start":{"line":38,"column":0},"end":{"line":38,"column":14}},"38":{"start":{"line":39,"column":0},"end":{"line":39,"column":12}},"39":{"start":{"line":40,"column":0},"end":{"line":40,"column":15}},"40":{"start":{"line":41,"column":0},"end":{"line":41,"column":19}},"41":{"start":{"line":42,"column":0},"end":{"line":42,"column":34}},"42":{"start":{"line":43,"column":0},"end":{"line":43,"column":21}},"43":{"start":{"line":44,"column":0},"end":{"line":44,"column":31}},"44":{"start":{"line":45,"column":0},"end":{"line":45,"column":29}},"45":{"start":{"line":46,"column":0},"end":{"line":46,"column":54}},"46":{"start":{"line":47,"column":0},"end":{"line":47,"column":47}},"47":{"start":{"line":48,"column":0},"end":{"line":48,"column":8}},"48":{"start":{"line":49,"column":0},"end":{"line":49,"column":17}},"49":{"start":{"line":50,"column":0},"end":{"line":50,"column":56}},"50":{"start":{"line":51,"column":0},"end":{"line":51,"column":17}},"51":{"start":{"line":52,"column":0},"end":{"line":52,"column":15}},"53":{"start":{"line":54,"column":0},"end":{"line":54,"column":10}},"55":{"start":{"line":56,"column":0},"end":{"line":56,"column":1}}},"s":{"0":1,"1":1,"14":22,"15":22,"16":22,"17":22,"18":22,"19":22,"20":22,"21":22,"22":22,"23":22,"25":22,"26":4,"27":18,"29":22,"30":11,"31":11,"33":22,"34":22,"35":22,"36":22,"37":22,"38":22,"39":22,"40":22,"41":22,"42":22,"43":22,"44":22,"45":22,"46":22,"47":22,"48":22,"49":4,"50":4,"51":4,"53":22,"55":22},"branchMap":{"0":{"type":"branch","line":15,"loc":{"start":{"line":15,"column":0},"end":{"line":56,"column":1}},"locations":[{"start":{"line":15,"column":0},"end":{"line":56,"column":1}}]},"1":{"type":"branch","line":26,"loc":{"start":{"line":26,"column":25},"end":{"line":27,"column":39}},"locations":[{"start":{"line":26,"column":25},"end":{"line":27,"column":39}}]},"2":{"type":"branch","line":27,"loc":{"start":{"line":27,"column":37},"end":{"line":28,"column":18}},"locations":[{"start":{"line":27,"column":37},"end":{"line":28,"column":18}}]},"3":{"type":"branch","line":46,"loc":{"start":{"line":46,"column":26},"end":{"line":46,"column":44}},"locations":[{"start":{"line":46,"column":26},"end":{"line":46,"column":44}}]},"4":{"type":"branch","line":46,"loc":{"start":{"line":46,"column":34},"end":{"line":46,"column":54}},"locations":[{"start":{"line":46,"column":34},"end":{"line":46,"column":54}}]},"5":{"type":"branch","line":47,"loc":{"start":{"line":47,"column":22},"end":{"line":47,"column":39}},"locations":[{"start":{"line":47,"column":22},"end":{"line":47,"column":39}}]},"6":{"type":"branch","line":47,"loc":{"start":{"line":47,"column":30},"end":{"line":47,"column":47}},"locations":[{"start":{"line":47,"column":30},"end":{"line":47,"column":47}}]},"7":{"type":"branch","line":49,"loc":{"start":{"line":49,"column":7},"end":{"line":52,"column":15}},"locations":[{"start":{"line":49,"column":7},"end":{"line":52,"column":15}}]},"8":{"type":"branch","line":30,"loc":{"start":{"line":30,"column":23},"end":{"line":32,"column":3}},"locations":[{"start":{"line":30,"column":23},"end":{"line":32,"column":3}}]}},"b":{"0":[22],"1":[4],"2":[18],"3":[4],"4":[18],"5":[4],"6":[18],"7":[4],"8":[11]},"fnMap":{"0":{"name":"Input","decl":{"start":{"line":15,"column":0},"end":{"line":56,"column":1}},"loc":{"start":{"line":15,"column":0},"end":{"line":56,"column":1}},"line":15},"1":{"name":"handleChange","decl":{"start":{"line":30,"column":23},"end":{"line":32,"column":3}},"loc":{"start":{"line":30,"column":23},"end":{"line":32,"column":3}},"line":30}},"f":{"0":22,"1":11}}
,"C:\\Users\\jgily\\dev\\personal\\mat-kids\\src\\components\\ui\\ProgressBar.jsx": {"path":"C:\\Users\\jgily\\dev\\personal\\mat-kids\\src\\components\\ui\\ProgressBar.jsx","all":false,"statementMap":{"0":{"start":{"line":1,"column":0},"end":{"line":1,"column":45}},"10":{"start":{"line":11,"column":0},"end":{"line":11,"column":76}},"11":{"start":{"line":12,"column":0},"end":{"line":12,"column":72}},"13":{"start":{"line":14,"column":0},"end":{"line":14,"column":10}},"14":{"start":{"line":15,"column":0},"end":{"line":15,"column":38}},"15":{"start":{"line":16,"column":0},"end":{"line":16,"column":21}},"16":{"start":{"line":17,"column":0},"end":{"line":17,"column":39}},"17":{"start":{"line":18,"column":0},"end":{"line":18,"column":27}},"18":{"start":{"line":19,"column":0},"end":{"line":19,"column":15}},"20":{"start":{"line":21,"column":0},"end":{"line":21,"column":10}},"21":{"start":{"line":22,"column":0},"end":{"line":22,"column":32}},"22":{"start":{"line":23,"column":0},"end":{"line":23,"column":26}},"23":{"start":{"line":24,"column":0},"end":{"line":24,"column":31}},"24":{"start":{"line":25,"column":0},"end":{"line":25,"column":25}},"25":{"start":{"line":26,"column":0},"end":{"line":26,"column":29}},"27":{"start":{"line":28,"column":0},"end":{"line":28,"column":12}},"28":{"start":{"line":29,"column":0},"end":{"line":29,"column":33}},"29":{"start":{"line":30,"column":0},"end":{"line":30,"column":45}},"30":{"start":{"line":31,"column":0},"end":{"line":31,"column":10}},"31":{"start":{"line":32,"column":0},"end":{"line":32,"column":12}},"32":{"start":{"line":33,"column":0},"end":{"line":33,"column":10}},"34":{"start":{"line":35,"column":0},"end":{"line":35,"column":1}}},"s":{"0":1,"10":6,"11":6,"13":6,"14":6,"15":6,"16":1,"17":1,"18":1,"20":6,"21":6,"22":6,"23":6,"24":6,"25":6,"27":6,"28":6,"29":6,"30":6,"31":6,"32":6,"34":6},"branchMap":{"0":{"type":"branch","line":11,"loc":{"start":{"line":11,"column":0},"end":{"line":35,"column":1}},"locations":[{"start":{"line":11,"column":0},"end":{"line":35,"column":1}}]},"1":{"type":"branch","line":12,"loc":{"start":{"line":12,"column":67},"end":{"line":12,"column":72}},"locations":[{"start":{"line":12,"column":67},"end":{"line":12,"column":72}}]},"2":{"type":"branch","line":16,"loc":{"start":{"line":16,"column":7},"end":{"line":19,"column":15}},"locations":[{"start":{"line":16,"column":7},"end":{"line":19,"column":15}}]}},"b":{"0":[6],"1":[0],"2":[1]},"fnMap":{"0":{"name":"ProgressBar","decl":{"start":{"line":11,"column":0},"end":{"line":35,"column":1}},"loc":{"start":{"line":11,"column":0},"end":{"line":35,"column":1}},"line":11}},"f":{"0":6}}
,"C:\\Users\\jgily\\dev\\personal\\mat-kids\\src\\components\\views\\RegisterView.jsx": {"path":"C:\\Users\\jgily\\dev\\personal\\mat-kids\\src\\components\\views\\RegisterView.jsx","all":false,"statementMap":{"0":{"start":{"line":1,"column":0},"end":{"line":1,"column":32}},"1":{"start":{"line":2,"column":0},"end":{"line":2,"column":45}},"2":{"start":{"line":3,"column":0},"end":{"line":3,"column":29}},"3":{"start":{"line":4,"column":0},"end":{"line":4,"column":31}},"4":{"start":{"line":5,"column":0},"end":{"line":5,"column":33}},"5":{"start":{"line":6,"column":0},"end":{"line":6,"column":46}},"10":{"start":{"line":11,"column":0},"end":{"line":11,"column":40}},"11":{"start":{"line":12,"column":0},"end":{"line":12,"column":38}},"12":{"start":{"line":13,"column":0},"end":{"line":13,"column":51}},"13":{"start":{"line":14,"column":0},"end":{"line":14,"column":49}},"15":{"start":{"line":16,"column":0},"end":{"line":16,"column":37}},"16":{"start":{"line":17,"column":0},"end":{"line":17,"column":22}},"17":{"start":{"line":18,"column":0},"end":{"line":18,"column":22}},"18":{"start":{"line":19,"column":0},"end":{"line":19,"column":24}},"19":{"start":{"line":20,"column":0},"end":{"line":20,"column":23}},"20":{"start":{"line":21,"column":0},"end":{"line":21,"column":3}},"22":{"start":{"line":23,"column":0},"end":{"line":23,"column":10}},"23":{"start":{"line":24,"column":0},"end":{"line":24,"column":38}},"24":{"start":{"line":25,"column":0},"end":{"line":25,"column":42}},"25":{"start":{"line":26,"column":0},"end":{"line":26,"column":62}},"26":{"start":{"line":27,"column":0},"end":{"line":27,"column":44}},"28":{"start":{"line":29,"column":0},"end":{"line":29,"column":14}},"29":{"start":{"line":30,"column":0},"end":{"line":30,"column":16}},"30":{"start":{"line":31,"column":0},"end":{"line":31,"column":29}},"31":{"start":{"line":32,"column":0},"end":{"line":32,"column":23}},"32":{"start":{"line":33,"column":0},"end":{"line":33,"column":24}},"33":{"start":{"line":34,"column":0},"end":{"line":34,"column":30}},"34":{"start":{"line":35,"column":0},"end":{"line":35,"column":35}},"35":{"start":{"line":36,"column":0},"end":{"line":36,"column":21}},"36":{"start":{"line":37,"column":0},"end":{"line":37,"column":12}},"37":{"start":{"line":38,"column":0},"end":{"line":38,"column":17}},"38":{"start":{"line":39,"column":0},"end":{"line":39,"column":25}},"39":{"start":{"line":40,"column":0},"end":{"line":40,"column":37}},"40":{"start":{"line":41,"column":0},"end":{"line":41,"column":48}},"41":{"start":{"line":42,"column":0},"end":{"line":42,"column":20}},"42":{"start":{"line":43,"column":0},"end":{"line":43,"column":35}},"43":{"start":{"line":44,"column":0},"end":{"line":44,"column":35}},"44":{"start":{"line":45,"column":0},"end":{"line":45,"column":34}},"45":{"start":{"line":46,"column":0},"end":{"line":46,"column":36}},"46":{"start":{"line":47,"column":0},"end":{"line":47,"column":29}},"47":{"start":{"line":48,"column":0},"end":{"line":48,"column":29}},"48":{"start":{"line":49,"column":0},"end":{"line":49,"column":38}},"49":{"start":{"line":50,"column":0},"end":{"line":50,"column":30}},"50":{"start":{"line":51,"column":0},"end":{"line":51,"column":32}},"51":{"start":{"line":52,"column":0},"end":{"line":52,"column":43}},"52":{"start":{"line":53,"column":0},"end":{"line":53,"column":35}},"53":{"start":{"line":54,"column":0},"end":{"line":54,"column":14}},"55":{"start":{"line":56,"column":0},"end":{"line":56,"column":55}},"56":{"start":{"line":57,"column":0},"end":{"line":57,"column":19}},"57":{"start":{"line":58,"column":0},"end":{"line":58,"column":15}},"58":{"start":{"line":59,"column":0},"end":{"line":59,"column":13}},"59":{"start":{"line":60,"column":0},"end":{"line":60,"column":10}},"61":{"start":{"line":62,"column":0},"end":{"line":62,"column":1}}},"s":{"0":1,"1":1,"2":1,"3":1,"4":1,"5":1,"10":17,"11":17,"12":17,"13":17,"15":17,"16":2,"17":2,"18":2,"19":2,"20":2,"22":17,"23":17,"24":17,"25":17,"26":17,"28":17,"29":17,"30":17,"31":17,"32":17,"33":17,"34":17,"35":17,"36":17,"37":17,"38":17,"39":17,"40":17,"41":17,"42":17,"43":17,"44":17,"45":17,"46":17,"47":17,"48":17,"49":17,"50":17,"51":17,"52":17,"53":17,"55":17,"56":17,"57":17,"58":17,"59":17,"61":17},"branchMap":{"0":{"type":"branch","line":11,"loc":{"start":{"line":11,"column":0},"end":{"line":62,"column":1}},"locations":[{"start":{"line":11,"column":0},"end":{"line":62,"column":1}}]},"1":{"type":"branch","line":41,"loc":{"start":{"line":41,"column":22},"end":{"line":41,"column":48}},"locations":[{"start":{"line":41,"column":22},"end":{"line":41,"column":48}}]},"2":{"type":"branch","line":56,"loc":{"start":{"line":56,"column":13},"end":{"line":56,"column":44}},"locations":[{"start":{"line":56,"column":13},"end":{"line":56,"column":44}}]},"3":{"type":"branch","line":56,"loc":{"start":{"line":56,"column":25},"end":{"line":56,"column":55}},"locations":[{"start":{"line":56,"column":25},"end":{"line":56,"column":55}}]},"4":{"type":"branch","line":16,"loc":{"start":{"line":16,"column":23},"end":{"line":21,"column":3}},"locations":[{"start":{"line":16,"column":23},"end":{"line":21,"column":3}}]}},"b":{"0":[17],"1":[14],"2":[3],"3":[14],"4":[2]},"fnMap":{"0":{"name":"RegisterView","decl":{"start":{"line":11,"column":0},"end":{"line":62,"column":1}},"loc":{"start":{"line":11,"column":0},"end":{"line":62,"column":1}},"line":11},"1":{"name":"handleSubmit","decl":{"start":{"line":16,"column":23},"end":{"line":21,"column":3}},"loc":{"start":{"line":16,"column":23},"end":{"line":21,"column":3}},"line":16}},"f":{"0":17,"1":2}}
,"C:\\Users\\jgily\\dev\\personal\\mat-kids\\src\\hooks\\useUser.js": {"path":"C:\\Users\\jgily\\dev\\personal\\mat-kids\\src\\hooks\\useUser.js","all":false,"statementMap":{"0":{"start":{"line":1,"column":0},"end":{"line":1,"column":55}},"1":{"start":{"line":2,"column":0},"end":{"line":2,"column":54}},"2":{"start":{"line":3,"column":0},"end":{"line":3,"column":58}},"4":{"start":{"line":5,"column":0},"end":{"line":5,"column":3}},"5":{"start":{"line":6,"column":0},"end":{"line":6,"column":58}},"6":{"start":{"line":7,"column":0},"end":{"line":7,"column":2}},"7":{"start":{"line":8,"column":0},"end":{"line":8,"column":14}},"8":{"start":{"line":9,"column":0},"end":{"line":9,"column":42}},"9":{"start":{"line":10,"column":0},"end":{"line":10,"column":27}},"10":{"start":{"line":11,"column":0},"end":{"line":11,"column":47}},"11":{"start":{"line":12,"column":0},"end":{"line":12,"column":27}},"12":{"start":{"line":13,"column":0},"end":{"line":13,"column":35}},"13":{"start":{"line":14,"column":0},"end":{"line":14,"column":5}},"14":{"start":{"line":15,"column":0},"end":{"line":15,"column":3}},"15":{"start":{"line":16,"column":0},"end":{"line":16,"column":27}},"16":{"start":{"line":17,"column":0},"end":{"line":17,"column":62}},"18":{"start":{"line":19,"column":0},"end":{"line":19,"column":50}},"19":{"start":{"line":20,"column":0},"end":{"line":20,"column":66}},"20":{"start":{"line":21,"column":0},"end":{"line":21,"column":63}},"21":{"start":{"line":22,"column":0},"end":{"line":22,"column":65}},"23":{"start":{"line":24,"column":0},"end":{"line":24,"column":5}},"24":{"start":{"line":25,"column":0},"end":{"line":25,"column":38}},"25":{"start":{"line":26,"column":0},"end":{"line":26,"column":25}},"26":{"start":{"line":27,"column":0},"end":{"line":27,"column":5}},"27":{"start":{"line":28,"column":0},"end":{"line":28,"column":36}},"28":{"start":{"line":29,"column":0},"end":{"line":29,"column":26}},"29":{"start":{"line":30,"column":0},"end":{"line":30,"column":53}},"30":{"start":{"line":31,"column":0},"end":{"line":31,"column":28}},"31":{"start":{"line":32,"column":0},"end":{"line":32,"column":42}},"32":{"start":{"line":33,"column":0},"end":{"line":33,"column":12}},"33":{"start":{"line":34,"column":0},"end":{"line":34,"column":5}},"35":{"start":{"line":36,"column":0},"end":{"line":36,"column":32}},"36":{"start":{"line":37,"column":0},"end":{"line":37,"column":28}},"38":{"start":{"line":39,"column":0},"end":{"line":39,"column":24}},"39":{"start":{"line":40,"column":0},"end":{"line":40,"column":29}},"40":{"start":{"line":41,"column":0},"end":{"line":41,"column":3}},"42":{"start":{"line":43,"column":0},"end":{"line":43,"column":5}},"43":{"start":{"line":44,"column":0},"end":{"line":44,"column":20}},"44":{"start":{"line":45,"column":0},"end":{"line":45,"column":5}},"45":{"start":{"line":46,"column":0},"end":{"line":46,"column":27}},"46":{"start":{"line":47,"column":0},"end":{"line":47,"column":28}},"47":{"start":{"line":48,"column":0},"end":{"line":48,"column":20}},"48":{"start":{"line":49,"column":0},"end":{"line":49,"column":3}},"50":{"start":{"line":51,"column":0},"end":{"line":51,"column":10}},"51":{"start":{"line":52,"column":0},"end":{"line":52,"column":9}},"52":{"start":{"line":53,"column":0},"end":{"line":53,"column":17}},"53":{"start":{"line":54,"column":0},"end":{"line":54,"column":13}},"54":{"start":{"line":55,"column":0},"end":{"line":55,"column":14}},"55":{"start":{"line":56,"column":0},"end":{"line":56,"column":19}},"56":{"start":{"line":57,"column":0},"end":{"line":57,"column":3}},"57":{"start":{"line":58,"column":0},"end":{"line":58,"column":1}}},"s":{"0":1,"1":1,"2":1,"4":1,"5":1,"6":1,"7":1,"8":1,"9":1,"10":1,"11":1,"12":1,"13":1,"14":1,"15":1,"16":28,"18":28,"19":28,"20":28,"21":28,"23":28,"24":28,"25":28,"26":28,"27":28,"28":4,"29":4,"30":4,"31":2,"32":2,"33":2,"35":2,"36":2,"38":2,"39":2,"40":4,"42":28,"43":28,"44":28,"45":28,"46":1,"47":1,"48":1,"50":28,"51":28,"52":28,"53":28,"54":28,"55":28,"56":28,"57":28},"branchMap":{"0":{"type":"branch","line":16,"loc":{"start":{"line":16,"column":7},"end":{"line":58,"column":1}},"locations":[{"start":{"line":16,"column":7},"end":{"line":58,"column":1}}]},"1":{"type":"branch","line":19,"loc":{"start":{"line":19,"column":28},"end":{"line":19,"column":49}},"locations":[{"start":{"line":19,"column":28},"end":{"line":19,"column":49}}]},"2":{"type":"branch","line":20,"loc":{"start":{"line":20,"column":36},"end":{"line":20,"column":65}},"locations":[{"start":{"line":20,"column":36},"end":{"line":20,"column":65}}]},"3":{"type":"branch","line":21,"loc":{"start":{"line":21,"column":37},"end":{"line":21,"column":62}},"locations":[{"start":{"line":21,"column":37},"end":{"line":21,"column":62}}]},"4":{"type":"branch","line":22,"loc":{"start":{"line":22,"column":38},"end":{"line":22,"column":64}},"locations":[{"start":{"line":22,"column":38},"end":{"line":22,"column":64}}]},"5":{"type":"branch","line":28,"loc":{"start":{"line":28,"column":19},"end":{"line":41,"column":3}},"locations":[{"start":{"line":28,"column":19},"end":{"line":41,"column":3}}]},"6":{"type":"branch","line":31,"loc":{"start":{"line":31,"column":27},"end":{"line":41,"column":2}},"locations":[{"start":{"line":31,"column":27},"end":{"line":41,"column":2}}]},"7":{"type":"branch","line":46,"loc":{"start":{"line":46,"column":20},"end":{"line":49,"column":3}},"locations":[{"start":{"line":46,"column":20},"end":{"line":49,"column":3}}]}},"b":{"0":[28],"1":[86],"2":[86],"3":[86],"4":[86],"5":[4],"6":[2],"7":[1]},"fnMap":{"0":{"name":"useUser","decl":{"start":{"line":16,"column":7},"end":{"line":58,"column":1}},"loc":{"start":{"line":16,"column":7},"end":{"line":58,"column":1}},"line":16},"1":{"name":"register","decl":{"start":{"line":28,"column":19},"end":{"line":41,"column":3}},"loc":{"start":{"line":28,"column":19},"end":{"line":41,"column":3}},"line":28},"2":{"name":"clearUser","decl":{"start":{"line":46,"column":20},"end":{"line":49,"column":3}},"loc":{"start":{"line":46,"column":20},"end":{"line":49,"column":3}},"line":46}},"f":{"0":28,"1":4,"2":1}}
,"C:\\Users\\jgily\\dev\\personal\\mat-kids\\src\\services\\gameService.js": {"path":"C:\\Users\\jgily\\dev\\personal\\mat-kids\\src\\services\\gameService.js","all":false,"statementMap":{"0":{"start":{"line":1,"column":0},"end":{"line":1,"column":49}},"2":{"start":{"line":3,"column":0},"end":{"line":3,"column":3}},"3":{"start":{"line":4,"column":0},"end":{"line":4,"column":33}},"4":{"start":{"line":5,"column":0},"end":{"line":5,"column":23}},"5":{"start":{"line":6,"column":0},"end":{"line":6,"column":19}},"6":{"start":{"line":7,"column":0},"end":{"line":7,"column":3}},"7":{"start":{"line":8,"column":0},"end":{"line":8,"column":25}},"8":{"start":{"line":9,"column":0},"end":{"line":9,"column":29}},"9":{"start":{"line":10,"column":0},"end":{"line":10,"column":49}},"10":{"start":{"line":11,"column":0},"end":{"line":11,"column":50}},"11":{"start":{"line":12,"column":0},"end":{"line":12,"column":59}},"12":{"start":{"line":13,"column":0},"end":{"line":13,"column":3}},"13":{"start":{"line":14,"column":0},"end":{"line":14,"column":17}},"14":{"start":{"line":15,"column":0},"end":{"line":15,"column":1}},"16":{"start":{"line":17,"column":0},"end":{"line":17,"column":28}},"17":{"start":{"line":18,"column":0},"end":{"line":18,"column":5}},"18":{"start":{"line":19,"column":0},"end":{"line":19,"column":31}},"19":{"start":{"line":20,"column":0},"end":{"line":20,"column":51}},"20":{"start":{"line":21,"column":0},"end":{"line":21,"column":75}},"21":{"start":{"line":22,"column":0},"end":{"line":22,"column":58}},"22":{"start":{"line":23,"column":0},"end":{"line":23,"column":53}},"23":{"start":{"line":24,"column":0},"end":{"line":24,"column":5}},"24":{"start":{"line":25,"column":0},"end":{"line":25,"column":35}},"25":{"start":{"line":26,"column":0},"end":{"line":26,"column":24}},"27":{"start":{"line":28,"column":0},"end":{"line":28,"column":25}},"28":{"start":{"line":29,"column":0},"end":{"line":29,"column":58}},"29":{"start":{"line":30,"column":0},"end":{"line":30,"column":25}},"30":{"start":{"line":31,"column":0},"end":{"line":31,"column":37}},"31":{"start":{"line":32,"column":0},"end":{"line":32,"column":39}},"32":{"start":{"line":33,"column":0},"end":{"line":33,"column":52}},"33":{"start":{"line":34,"column":0},"end":{"line":34,"column":9}},"34":{"start":{"line":35,"column":0},"end":{"line":35,"column":7}},"35":{"start":{"line":36,"column":0},"end":{"line":36,"column":40}},"37":{"start":{"line":38,"column":0},"end":{"line":38,"column":39}},"38":{"start":{"line":39,"column":0},"end":{"line":39,"column":55}},"39":{"start":{"line":40,"column":0},"end":{"line":40,"column":24}},"40":{"start":{"line":41,"column":0},"end":{"line":41,"column":29}},"41":{"start":{"line":42,"column":0},"end":{"line":42,"column":19}},"42":{"start":{"line":43,"column":0},"end":{"line":43,"column":24}},"43":{"start":{"line":44,"column":0},"end":{"line":44,"column":30}},"44":{"start":{"line":45,"column":0},"end":{"line":45,"column":10}},"45":{"start":{"line":46,"column":0},"end":{"line":46,"column":7}},"46":{"start":{"line":47,"column":0},"end":{"line":47,"column":12}},"47":{"start":{"line":48,"column":0},"end":{"line":48,"column":61}},"48":{"start":{"line":49,"column":0},"end":{"line":49,"column":66}},"50":{"start":{"line":51,"column":0},"end":{"line":51,"column":39}},"51":{"start":{"line":52,"column":0},"end":{"line":52,"column":41}},"52":{"start":{"line":53,"column":0},"end":{"line":53,"column":24}},"53":{"start":{"line":54,"column":0},"end":{"line":54,"column":29}},"54":{"start":{"line":55,"column":0},"end":{"line":55,"column":16}},"55":{"start":{"line":56,"column":0},"end":{"line":56,"column":21}},"56":{"start":{"line":57,"column":0},"end":{"line":57,"column":43}},"57":{"start":{"line":58,"column":0},"end":{"line":58,"column":10}},"58":{"start":{"line":59,"column":0},"end":{"line":59,"column":7}},"59":{"start":{"line":60,"column":0},"end":{"line":60,"column":5}},"61":{"start":{"line":62,"column":0},"end":{"line":62,"column":20}},"62":{"start":{"line":63,"column":0},"end":{"line":63,"column":4}},"64":{"start":{"line":65,"column":0},"end":{"line":65,"column":5}},"65":{"start":{"line":66,"column":0},"end":{"line":66,"column":31}},"66":{"start":{"line":67,"column":0},"end":{"line":67,"column":34}},"67":{"start":{"line":68,"column":0},"end":{"line":68,"column":23}},"68":{"start":{"line":69,"column":0},"end":{"line":69,"column":5}},"69":{"start":{"line":70,"column":0},"end":{"line":70,"column":45}},"70":{"start":{"line":71,"column":0},"end":{"line":71,"column":39}},"71":{"start":{"line":72,"column":0},"end":{"line":72,"column":4}},"73":{"start":{"line":74,"column":0},"end":{"line":74,"column":5}},"74":{"start":{"line":75,"column":0},"end":{"line":75,"column":58}},"75":{"start":{"line":76,"column":0},"end":{"line":76,"column":38}},"76":{"start":{"line":77,"column":0},"end":{"line":77,"column":33}},"77":{"start":{"line":78,"column":0},"end":{"line":78,"column":26}},"78":{"start":{"line":79,"column":0},"end":{"line":79,"column":48}},"79":{"start":{"line":80,"column":0},"end":{"line":80,"column":5}},"80":{"start":{"line":81,"column":0},"end":{"line":81,"column":58}},"81":{"start":{"line":82,"column":0},"end":{"line":82,"column":12}},"82":{"start":{"line":83,"column":0},"end":{"line":83,"column":30}},"83":{"start":{"line":84,"column":0},"end":{"line":84,"column":28}},"84":{"start":{"line":85,"column":0},"end":{"line":85,"column":38}},"85":{"start":{"line":86,"column":0},"end":{"line":86,"column":44}},"86":{"start":{"line":87,"column":0},"end":{"line":87,"column":17}},"87":{"start":{"line":88,"column":0},"end":{"line":88,"column":19}},"88":{"start":{"line":89,"column":0},"end":{"line":89,"column":73}},"89":{"start":{"line":90,"column":0},"end":{"line":90,"column":11}},"90":{"start":{"line":91,"column":0},"end":{"line":91,"column":5}},"91":{"start":{"line":92,"column":0},"end":{"line":92,"column":3}},"92":{"start":{"line":93,"column":0},"end":{"line":93,"column":1}}},"s":{"0":1,"2":1,"3":1,"4":1,"5":1,"6":1,"7":13,"8":13,"9":13,"10":207,"11":207,"12":207,"13":13,"14":13,"16":1,"17":1,"18":1,"19":1,"20":1,"21":1,"22":1,"23":1,"24":1,"25":13,"27":13,"28":1,"29":1,"30":1,"31":10,"32":100,"33":100,"34":10,"35":1,"37":1,"38":10,"39":10,"40":10,"41":10,"42":10,"43":10,"44":10,"45":10,"46":13,"47":12,"48":12,"50":12,"51":120,"52":120,"53":120,"54":120,"55":120,"56":120,"57":120,"58":120,"59":12,"61":13,"62":1,"64":1,"65":1,"66":1,"67":1,"68":1,"69":1,"70":47,"71":1,"73":1,"74":1,"75":1,"76":1,"77":1,"78":1,"79":1,"80":1,"81":23,"82":23,"83":23,"84":23,"85":23,"86":23,"87":23,"88":23,"89":23,"90":23,"91":23,"92":1},"branchMap":{"0":{"type":"branch","line":8,"loc":{"start":{"line":8,"column":0},"end":{"line":15,"column":1}},"locations":[{"start":{"line":8,"column":0},"end":{"line":15,"column":1}}]},"1":{"type":"branch","line":10,"loc":{"start":{"line":10,"column":48},"end":{"line":13,"column":3}},"locations":[{"start":{"line":10,"column":48},"end":{"line":13,"column":3}}]},"2":{"type":"branch","line":25,"loc":{"start":{"line":25,"column":2},"end":{"line":63,"column":3}},"locations":[{"start":{"line":25,"column":2},"end":{"line":63,"column":3}}]},"3":{"type":"branch","line":28,"loc":{"start":{"line":28,"column":24},"end":{"line":47,"column":5}},"locations":[{"start":{"line":28,"column":24},"end":{"line":47,"column":5}}]},"4":{"type":"branch","line":31,"loc":{"start":{"line":31,"column":36},"end":{"line":35,"column":7}},"locations":[{"start":{"line":31,"column":36},"end":{"line":35,"column":7}}]},"5":{"type":"branch","line":32,"loc":{"start":{"line":32,"column":38},"end":{"line":34,"column":9}},"locations":[{"start":{"line":32,"column":38},"end":{"line":34,"column":9}}]},"6":{"type":"branch","line":38,"loc":{"start":{"line":38,"column":38},"end":{"line":46,"column":7}},"locations":[{"start":{"line":38,"column":38},"end":{"line":46,"column":7}}]},"7":{"type":"branch","line":47,"loc":{"start":{"line":47,"column":5},"end":{"line":60,"column":5}},"locations":[{"start":{"line":47,"column":5},"end":{"line":60,"column":5}}]},"8":{"type":"branch","line":51,"loc":{"start":{"line":51,"column":38},"end":{"line":59,"column":7}},"locations":[{"start":{"line":51,"column":38},"end":{"line":59,"column":7}}]},"9":{"type":"branch","line":70,"loc":{"start":{"line":70,"column":2},"end":{"line":72,"column":3}},"locations":[{"start":{"line":70,"column":2},"end":{"line":72,"column":3}}]},"10":{"type":"branch","line":81,"loc":{"start":{"line":81,"column":2},"end":{"line":92,"column":3}},"locations":[{"start":{"line":81,"column":2},"end":{"line":92,"column":3}}]}},"b":{"0":[13],"1":[207],"2":[13],"3":[1],"4":[10],"5":[100],"6":[10],"7":[12],"8":[120],"9":[47],"10":[23]},"fnMap":{"0":{"name":"shuffle","decl":{"start":{"line":8,"column":0},"end":{"line":15,"column":1}},"loc":{"start":{"line":8,"column":0},"end":{"line":15,"column":1}},"line":8},"1":{"name":"generateQuestions","decl":{"start":{"line":25,"column":2},"end":{"line":63,"column":3}},"loc":{"start":{"line":25,"column":2},"end":{"line":63,"column":3}},"line":25},"2":{"name":"validateAnswer","decl":{"start":{"line":70,"column":2},"end":{"line":72,"column":3}},"loc":{"start":{"line":70,"column":2},"end":{"line":72,"column":3}},"line":70},"3":{"name":"createRound","decl":{"start":{"line":81,"column":2},"end":{"line":92,"column":3}},"loc":{"start":{"line":81,"column":2},"end":{"line":92,"column":3}},"line":81}},"f":{"0":13,"1":13,"2":47,"3":23}}
,"C:\\Users\\jgily\\dev\\personal\\mat-kids\\src\\services\\historyService.js": {"path":"C:\\Users\\jgily\\dev\\personal\\mat-kids\\src\\services\\historyService.js","all":false,"statementMap":{"0":{"start":{"line":1,"column":0},"end":{"line":1,"column":73}},"2":{"start":{"line":3,"column":0},"end":{"line":3,"column":31}},"3":{"start":{"line":4,"column":0},"end":{"line":4,"column":5}},"4":{"start":{"line":5,"column":0},"end":{"line":5,"column":29}},"5":{"start":{"line":6,"column":0},"end":{"line":6,"column":60}},"6":{"start":{"line":7,"column":0},"end":{"line":7,"column":63}},"7":{"start":{"line":8,"column":0},"end":{"line":8,"column":56}},"8":{"start":{"line":9,"column":0},"end":{"line":9,"column":5}},"9":{"start":{"line":10,"column":0},"end":{"line":10,"column":32}},"10":{"start":{"line":11,"column":0},"end":{"line":11,"column":39}},"11":{"start":{"line":12,"column":0},"end":{"line":12,"column":55}},"12":{"start":{"line":13,"column":0},"end":{"line":13,"column":52}},"14":{"start":{"line":15,"column":0},"end":{"line":15,"column":42}},"15":{"start":{"line":16,"column":0},"end":{"line":16,"column":54}},"16":{"start":{"line":17,"column":0},"end":{"line":17,"column":6}},"17":{"start":{"line":18,"column":0},"end":{"line":18,"column":4}},"19":{"start":{"line":20,"column":0},"end":{"line":20,"column":5}},"20":{"start":{"line":21,"column":0},"end":{"line":21,"column":27}},"21":{"start":{"line":22,"column":0},"end":{"line":22,"column":41}},"22":{"start":{"line":23,"column":0},"end":{"line":23,"column":63}},"23":{"start":{"line":24,"column":0},"end":{"line":24,"column":60}},"24":{"start":{"line":25,"column":0},"end":{"line":25,"column":5}},"25":{"start":{"line":26,"column":0},"end":{"line":26,"column":37}},"26":{"start":{"line":27,"column":0},"end":{"line":27,"column":32}},"27":{"start":{"line":28,"column":0},"end":{"line":28,"column":14}},"28":{"start":{"line":29,"column":0},"end":{"line":29,"column":25}},"29":{"start":{"line":30,"column":0},"end":{"line":30,"column":20}},"30":{"start":{"line":31,"column":0},"end":{"line":31,"column":22}},"31":{"start":{"line":32,"column":0},"end":{"line":32,"column":20}},"32":{"start":{"line":33,"column":0},"end":{"line":33,"column":7}},"33":{"start":{"line":34,"column":0},"end":{"line":34,"column":5}},"35":{"start":{"line":36,"column":0},"end":{"line":36,"column":41}},"36":{"start":{"line":37,"column":0},"end":{"line":37,"column":73}},"37":{"start":{"line":38,"column":0},"end":{"line":38,"column":59}},"39":{"start":{"line":40,"column":0},"end":{"line":40,"column":27}},"40":{"start":{"line":41,"column":0},"end":{"line":41,"column":32}},"41":{"start":{"line":42,"column":0},"end":{"line":42,"column":50}},"42":{"start":{"line":43,"column":0},"end":{"line":43,"column":5}},"43":{"start":{"line":44,"column":0},"end":{"line":44,"column":39}},"45":{"start":{"line":46,"column":0},"end":{"line":46,"column":12}},"46":{"start":{"line":47,"column":0},"end":{"line":47,"column":20}},"47":{"start":{"line":48,"column":0},"end":{"line":48,"column":15}},"48":{"start":{"line":49,"column":0},"end":{"line":49,"column":17}},"49":{"start":{"line":50,"column":0},"end":{"line":50,"column":18}},"50":{"start":{"line":51,"column":0},"end":{"line":51,"column":5}},"51":{"start":{"line":52,"column":0},"end":{"line":52,"column":4}},"53":{"start":{"line":54,"column":0},"end":{"line":54,"column":5}},"54":{"start":{"line":55,"column":0},"end":{"line":55,"column":63}},"55":{"start":{"line":56,"column":0},"end":{"line":56,"column":69}},"56":{"start":{"line":57,"column":0},"end":{"line":57,"column":5}},"57":{"start":{"line":58,"column":0},"end":{"line":58,"column":33}},"58":{"start":{"line":59,"column":0},"end":{"line":59,"column":29}},"60":{"start":{"line":61,"column":0},"end":{"line":61,"column":33}},"61":{"start":{"line":62,"column":0},"end":{"line":62,"column":50}},"62":{"start":{"line":63,"column":0},"end":{"line":63,"column":31}},"63":{"start":{"line":64,"column":0},"end":{"line":64,"column":29}},"64":{"start":{"line":65,"column":0},"end":{"line":65,"column":7}},"65":{"start":{"line":66,"column":0},"end":{"line":66,"column":37}},"66":{"start":{"line":67,"column":0},"end":{"line":67,"column":6}},"68":{"start":{"line":69,"column":0},"end":{"line":69,"column":18}},"69":{"start":{"line":70,"column":0},"end":{"line":70,"column":4}},"71":{"start":{"line":72,"column":0},"end":{"line":72,"column":5}},"72":{"start":{"line":73,"column":0},"end":{"line":73,"column":63}},"73":{"start":{"line":74,"column":0},"end":{"line":74,"column":110}},"74":{"start":{"line":75,"column":0},"end":{"line":75,"column":5}},"75":{"start":{"line":76,"column":0},"end":{"line":76,"column":37}},"76":{"start":{"line":77,"column":0},"end":{"line":77,"column":41}},"77":{"start":{"line":78,"column":0},"end":{"line":78,"column":20}},"78":{"start":{"line":79,"column":0},"end":{"line":79,"column":47}},"79":{"start":{"line":80,"column":0},"end":{"line":80,"column":22}},"80":{"start":{"line":81,"column":0},"end":{"line":81,"column":20}},"81":{"start":{"line":82,"column":0},"end":{"line":82,"column":21}},"82":{"start":{"line":83,"column":0},"end":{"line":83,"column":18}},"83":{"start":{"line":84,"column":0},"end":{"line":84,"column":7}},"84":{"start":{"line":85,"column":0},"end":{"line":85,"column":5}},"86":{"start":{"line":87,"column":0},"end":{"line":87,"column":30}},"87":{"start":{"line":88,"column":0},"end":{"line":88,"column":33}},"88":{"start":{"line":89,"column":0},"end":{"line":89,"column":40}},"89":{"start":{"line":90,"column":0},"end":{"line":90,"column":44}},"90":{"start":{"line":91,"column":0},"end":{"line":91,"column":24}},"91":{"start":{"line":92,"column":0},"end":{"line":92,"column":30}},"92":{"start":{"line":93,"column":0},"end":{"line":93,"column":51}},"93":{"start":{"line":94,"column":0},"end":{"line":94,"column":32}},"94":{"start":{"line":95,"column":0},"end":{"line":95,"column":31}},"95":{"start":{"line":96,"column":0},"end":{"line":96,"column":11}},"96":{"start":{"line":97,"column":0},"end":{"line":97,"column":9}},"97":{"start":{"line":98,"column":0},"end":{"line":98,"column":8}},"98":{"start":{"line":99,"column":0},"end":{"line":99,"column":6}},"100":{"start":{"line":101,"column":0},"end":{"line":101,"column":58}},"101":{"start":{"line":102,"column":0},"end":{"line":102,"column":58}},"102":{"start":{"line":103,"column":0},"end":{"line":103,"column":29}},"103":{"start":{"line":104,"column":0},"end":{"line":104,"column":30}},"104":{"start":{"line":105,"column":0},"end":{"line":105,"column":28}},"105":{"start":{"line":106,"column":0},"end":{"line":106,"column":89}},"106":{"start":{"line":107,"column":0},"end":{"line":107,"column":81}},"107":{"start":{"line":108,"column":0},"end":{"line":108,"column":7}},"108":{"start":{"line":109,"column":0},"end":{"line":109,"column":3}},"109":{"start":{"line":110,"column":0},"end":{"line":110,"column":1}}},"s":{"0":1,"2":1,"3":1,"4":1,"5":1,"6":1,"7":1,"8":1,"9":1,"10":7,"11":11,"12":11,"14":10,"15":10,"16":7,"17":1,"19":1,"20":1,"21":1,"22":1,"23":1,"24":1,"25":1,"26":3,"27":1,"28":1,"29":1,"30":1,"31":1,"32":1,"33":1,"35":2,"36":2,"37":2,"39":2,"40":2,"41":2,"42":2,"43":2,"45":2,"46":2,"47":2,"48":2,"49":2,"50":2,"51":1,"53":1,"54":1,"55":1,"56":1,"57":1,"58":1,"60":1,"61":3,"62":3,"63":2,"64":2,"65":3,"66":1,"68":1,"69":1,"71":1,"72":1,"73":1,"74":1,"75":1,"76":3,"77":3,"78":3,"79":30,"80":30,"81":30,"82":30,"83":30,"84":30,"86":3,"87":3,"88":2,"89":5,"90":5,"91":5,"92":5,"93":5,"94":3,"95":3,"96":5,"97":2,"98":3,"100":3,"101":3,"102":30,"103":30,"104":30,"105":30,"106":30,"107":3,"108":3,"109":1},"branchMap":{"0":{"type":"branch","line":10,"loc":{"start":{"line":10,"column":2},"end":{"line":18,"column":3}},"locations":[{"start":{"line":10,"column":2},"end":{"line":18,"column":3}}]},"1":{"type":"branch","line":11,"loc":{"start":{"line":11,"column":27},"end":{"line":17,"column":5}},"locations":[{"start":{"line":11,"column":27},"end":{"line":17,"column":5}}]},"2":{"type":"branch","line":13,"loc":{"start":{"line":13,"column":40},"end":{"line":13,"column":52}},"locations":[{"start":{"line":13,"column":40},"end":{"line":13,"column":52}}]},"3":{"type":"branch","line":13,"loc":{"start":{"line":13,"column":47},"end":{"line":17,"column":4}},"locations":[{"start":{"line":13,"column":47},"end":{"line":17,"column":4}}]},"4":{"type":"branch","line":26,"loc":{"start":{"line":26,"column":2},"end":{"line":52,"column":3}},"locations":[{"start":{"line":26,"column":2},"end":{"line":52,"column":3}}]},"5":{"type":"branch","line":27,"loc":{"start":{"line":27,"column":31},"end":{"line":52,"column":2}},"locations":[{"start":{"line":27,"column":31},"end":{"line":52,"column":2}}]},"6":{"type":"branch","line":27,"loc":{"start":{"line":27,"column":31},"end":{"line":34,"column":5}},"locations":[{"start":{"line":27,"column":31},"end":{"line":34,"column":5}}]},"7":{"type":"branch","line":37,"loc":{"start":{"line":37,"column":39},"end":{"line":37,"column":69}},"locations":[{"start":{"line":37,"column":39},"end":{"line":37,"column":69}}]},"8":{"type":"branch","line":42,"loc":{"start":{"line":42,"column":19},"end":{"line":42,"column":49}},"locations":[{"start":{"line":42,"column":19},"end":{"line":42,"column":49}}]},"9":{"type":"branch","line":58,"loc":{"start":{"line":58,"column":2},"end":{"line":70,"column":3}},"locations":[{"start":{"line":58,"column":2},"end":{"line":70,"column":3}}]},"10":{"type":"branch","line":61,"loc":{"start":{"line":61,"column":21},"end":{"line":67,"column":5}},"locations":[{"start":{"line":61,"column":21},"end":{"line":67,"column":5}}]},"11":{"type":"branch","line":63,"loc":{"start":{"line":63,"column":30},"end":{"line":65,"column":7}},"locations":[{"start":{"line":63,"column":30},"end":{"line":65,"column":7}}]},"12":{"type":"branch","line":76,"loc":{"start":{"line":76,"column":2},"end":{"line":109,"column":3}},"locations":[{"start":{"line":76,"column":2},"end":{"line":109,"column":3}}]},"13":{"type":"branch","line":79,"loc":{"start":{"line":79,"column":46},"end":{"line":85,"column":5}},"locations":[{"start":{"line":79,"column":46},"end":{"line":85,"column":5}}]},"14":{"type":"branch","line":88,"loc":{"start":{"line":88,"column":21},"end":{"line":99,"column":5}},"locations":[{"start":{"line":88,"column":21},"end":{"line":99,"column":5}}]},"15":{"type":"branch","line":89,"loc":{"start":{"line":89,"column":30},"end":{"line":98,"column":7}},"locations":[{"start":{"line":89,"column":30},"end":{"line":98,"column":7}}]},"16":{"type":"branch","line":94,"loc":{"start":{"line":94,"column":31},"end":{"line":96,"column":11}},"locations":[{"start":{"line":94,"column":31},"end":{"line":96,"column":11}}]},"17":{"type":"branch","line":102,"loc":{"start":{"line":102,"column":37},"end":{"line":108,"column":6}},"locations":[{"start":{"line":102,"column":37},"end":{"line":108,"column":6}}]},"18":{"type":"branch","line":106,"loc":{"start":{"line":106,"column":34},"end":{"line":106,"column":84}},"locations":[{"start":{"line":106,"column":34},"end":{"line":106,"column":84}}]},"19":{"type":"branch","line":106,"loc":{"start":{"line":106,"column":85},"end":{"line":106,"column":88}},"locations":[{"start":{"line":106,"column":85},"end":{"line":106,"column":88}}]},"20":{"type":"branch","line":107,"loc":{"start":{"line":107,"column":33},"end":{"line":107,"column":77}},"locations":[{"start":{"line":107,"column":33},"end":{"line":107,"column":77}}]},"21":{"type":"branch","line":107,"loc":{"start":{"line":107,"column":78},"end":{"line":107,"column":81}},"locations":[{"start":{"line":107,"column":78},"end":{"line":107,"column":81}}]}},"b":{"0":[7],"1":[11],"2":[1],"3":[10],"4":[3],"5":[2],"6":[1],"7":[5],"8":[5],"9":[1],"10":[3],"11":[2],"12":[3],"13":[30],"14":[2],"15":[5],"16":[3],"17":[30],"18":[3],"19":[27],"20":[3],"21":[27]},"fnMap":{"0":{"name":"cleanupOldSessions","decl":{"start":{"line":10,"column":2},"end":{"line":18,"column":3}},"loc":{"start":{"line":10,"column":2},"end":{"line":18,"column":3}},"line":10},"1":{"name":"calculateWeeklyProgress","decl":{"start":{"line":26,"column":2},"end":{"line":52,"column":3}},"loc":{"start":{"line":26,"column":2},"end":{"line":52,"column":3}},"line":26},"2":{"name":"groupSessionsByDate","decl":{"start":{"line":58,"column":2},"end":{"line":70,"column":3}},"loc":{"start":{"line":58,"column":2},"end":{"line":70,"column":3}},"line":58},"3":{"name":"calculateTableBreakdown","decl":{"start":{"line":76,"column":2},"end":{"line":109,"column":3}},"loc":{"start":{"line":76,"column":2},"end":{"line":109,"column":3}},"line":76}},"f":{"0":7,"1":3,"2":1,"3":3}}
,"C:\\Users\\jgily\\dev\\personal\\mat-kids\\src\\services\\recommendationService.js": {"path":"C:\\Users\\jgily\\dev\\personal\\mat-kids\\src\\services\\recommendationService.js","all":false,"statementMap":{"0":{"start":{"line":1,"column":0},"end":{"line":1,"column":38}},"1":{"start":{"line":2,"column":0},"end":{"line":2,"column":5}},"2":{"start":{"line":3,"column":0},"end":{"line":3,"column":36}},"3":{"start":{"line":4,"column":0},"end":{"line":4,"column":78}},"4":{"start":{"line":5,"column":0},"end":{"line":5,"column":63}},"5":{"start":{"line":6,"column":0},"end":{"line":6,"column":49}},"6":{"start":{"line":7,"column":0},"end":{"line":7,"column":5}},"7":{"start":{"line":8,"column":0},"end":{"line":8,"column":39}},"8":{"start":{"line":9,"column":0},"end":{"line":9,"column":32}},"9":{"start":{"line":10,"column":0},"end":{"line":10,"column":48}},"10":{"start":{"line":11,"column":0},"end":{"line":11,"column":47}},"11":{"start":{"line":12,"column":0},"end":{"line":12,"column":5}},"13":{"start":{"line":14,"column":0},"end":{"line":14,"column":57}},"15":{"start":{"line":16,"column":0},"end":{"line":16,"column":57}},"16":{"start":{"line":17,"column":0},"end":{"line":17,"column":27}},"17":{"start":{"line":18,"column":0},"end":{"line":18,"column":28}},"19":{"start":{"line":20,"column":0},"end":{"line":20,"column":47}},"20":{"start":{"line":21,"column":0},"end":{"line":21,"column":33}},"21":{"start":{"line":22,"column":0},"end":{"line":22,"column":62}},"22":{"start":{"line":23,"column":0},"end":{"line":23,"column":24}},"23":{"start":{"line":24,"column":0},"end":{"line":24,"column":20}},"24":{"start":{"line":25,"column":0},"end":{"line":25,"column":7}},"25":{"start":{"line":26,"column":0},"end":{"line":26,"column":29}},"26":{"start":{"line":27,"column":0},"end":{"line":27,"column":24}},"27":{"start":{"line":28,"column":0},"end":{"line":28,"column":32}},"28":{"start":{"line":29,"column":0},"end":{"line":29,"column":7}},"29":{"start":{"line":30,"column":0},"end":{"line":30,"column":5}},"31":{"start":{"line":32,"column":0},"end":{"line":32,"column":27}},"32":{"start":{"line":33,"column":0},"end":{"line":33,"column":4}},"34":{"start":{"line":35,"column":0},"end":{"line":35,"column":5}},"35":{"start":{"line":36,"column":0},"end":{"line":36,"column":59}},"36":{"start":{"line":37,"column":0},"end":{"line":37,"column":43}},"37":{"start":{"line":38,"column":0},"end":{"line":38,"column":64}},"38":{"start":{"line":39,"column":0},"end":{"line":39,"column":44}},"39":{"start":{"line":40,"column":0},"end":{"line":40,"column":5}},"40":{"start":{"line":41,"column":0},"end":{"line":41,"column":50}},"41":{"start":{"line":42,"column":0},"end":{"line":42,"column":30}},"42":{"start":{"line":43,"column":0},"end":{"line":43,"column":27}},"44":{"start":{"line":45,"column":0},"end":{"line":45,"column":30}},"45":{"start":{"line":46,"column":0},"end":{"line":46,"column":43}},"47":{"start":{"line":48,"column":0},"end":{"line":48,"column":49}},"48":{"start":{"line":49,"column":0},"end":{"line":49,"column":41}},"50":{"start":{"line":51,"column":0},"end":{"line":51,"column":67}},"51":{"start":{"line":52,"column":0},"end":{"line":52,"column":4}},"53":{"start":{"line":54,"column":0},"end":{"line":54,"column":5}},"54":{"start":{"line":55,"column":0},"end":{"line":55,"column":63}},"55":{"start":{"line":56,"column":0},"end":{"line":56,"column":26}},"56":{"start":{"line":57,"column":0},"end":{"line":57,"column":70}},"57":{"start":{"line":58,"column":0},"end":{"line":58,"column":5}},"58":{"start":{"line":59,"column":0},"end":{"line":59,"column":34}},"59":{"start":{"line":60,"column":0},"end":{"line":60,"column":20}},"60":{"start":{"line":61,"column":0},"end":{"line":61,"column":19}},"61":{"start":{"line":62,"column":0},"end":{"line":62,"column":21}},"63":{"start":{"line":64,"column":0},"end":{"line":64,"column":33}},"64":{"start":{"line":65,"column":0},"end":{"line":65,"column":40}},"65":{"start":{"line":66,"column":0},"end":{"line":66,"column":36}},"66":{"start":{"line":67,"column":0},"end":{"line":67,"column":20}},"67":{"start":{"line":68,"column":0},"end":{"line":68,"column":41}},"68":{"start":{"line":69,"column":0},"end":{"line":69,"column":32}},"69":{"start":{"line":70,"column":0},"end":{"line":70,"column":21}},"70":{"start":{"line":71,"column":0},"end":{"line":71,"column":11}},"71":{"start":{"line":72,"column":0},"end":{"line":72,"column":9}},"72":{"start":{"line":73,"column":0},"end":{"line":73,"column":8}},"73":{"start":{"line":74,"column":0},"end":{"line":74,"column":6}},"75":{"start":{"line":76,"column":0},"end":{"line":76,"column":12}},"76":{"start":{"line":77,"column":0},"end":{"line":77,"column":15}},"77":{"start":{"line":78,"column":0},"end":{"line":78,"column":14}},"78":{"start":{"line":79,"column":0},"end":{"line":79,"column":66}},"79":{"start":{"line":80,"column":0},"end":{"line":80,"column":5}},"80":{"start":{"line":81,"column":0},"end":{"line":81,"column":4}},"82":{"start":{"line":83,"column":0},"end":{"line":83,"column":5}},"83":{"start":{"line":84,"column":0},"end":{"line":84,"column":63}},"84":{"start":{"line":85,"column":0},"end":{"line":85,"column":75}},"85":{"start":{"line":86,"column":0},"end":{"line":86,"column":5}},"86":{"start":{"line":87,"column":0},"end":{"line":87,"column":37}},"87":{"start":{"line":88,"column":0},"end":{"line":88,"column":21}},"89":{"start":{"line":90,"column":0},"end":{"line":90,"column":47}},"90":{"start":{"line":91,"column":0},"end":{"line":91,"column":55}},"92":{"start":{"line":93,"column":0},"end":{"line":93,"column":33}},"93":{"start":{"line":94,"column":0},"end":{"line":94,"column":60}},"94":{"start":{"line":95,"column":0},"end":{"line":95,"column":14}},"95":{"start":{"line":96,"column":0},"end":{"line":96,"column":55}},"96":{"start":{"line":97,"column":0},"end":{"line":97,"column":79}},"97":{"start":{"line":98,"column":0},"end":{"line":98,"column":7}},"98":{"start":{"line":99,"column":0},"end":{"line":99,"column":5}},"100":{"start":{"line":101,"column":0},"end":{"line":101,"column":17}},"101":{"start":{"line":102,"column":0},"end":{"line":102,"column":3}},"102":{"start":{"line":103,"column":0},"end":{"line":103,"column":1}}},"s":{"0":1,"1":1,"2":1,"3":1,"4":1,"5":1,"6":1,"7":1,"8":4,"9":1,"10":1,"11":1,"13":3,"15":3,"16":3,"17":3,"19":4,"20":21,"21":21,"22":21,"23":1,"24":1,"25":21,"26":3,"27":3,"28":3,"29":21,"31":2,"32":1,"34":1,"35":1,"36":1,"37":1,"38":1,"39":1,"40":1,"41":27,"42":27,"44":27,"45":27,"47":27,"48":27,"50":27,"51":1,"53":1,"54":1,"55":1,"56":1,"57":1,"58":1,"59":42,"60":42,"61":42,"63":42,"64":41,"65":243,"66":26,"67":26,"68":26,"69":23,"70":23,"71":26,"72":41,"73":42,"75":42,"76":42,"77":42,"78":42,"79":42,"80":1,"82":1,"83":1,"84":1,"85":1,"86":1,"87":4,"89":4,"90":40,"92":40,"93":18,"94":40,"95":22,"96":22,"97":22,"98":40,"100":4,"101":4,"102":1},"branchMap":{"0":{"type":"branch","line":8,"loc":{"start":{"line":8,"column":2},"end":{"line":33,"column":3}},"locations":[{"start":{"line":8,"column":2},"end":{"line":33,"column":3}}]},"1":{"type":"branch","line":9,"loc":{"start":{"line":9,"column":31},"end":{"line":12,"column":5}},"locations":[{"start":{"line":9,"column":31},"end":{"line":12,"column":5}}]},"2":{"type":"branch","line":12,"loc":{"start":{"line":12,"column":4},"end":{"line":20,"column":46}},"locations":[{"start":{"line":12,"column":4},"end":{"line":20,"column":46}}]},"3":{"type":"branch","line":20,"loc":{"start":{"line":20,"column":46},"end":{"line":30,"column":5}},"locations":[{"start":{"line":20,"column":46},"end":{"line":30,"column":5}}]},"4":{"type":"branch","line":23,"loc":{"start":{"line":23,"column":23},"end":{"line":25,"column":7}},"locations":[{"start":{"line":23,"column":23},"end":{"line":25,"column":7}}]},"5":{"type":"branch","line":25,"loc":{"start":{"line":25,"column":6},"end":{"line":26,"column":28}},"locations":[{"start":{"line":25,"column":6},"end":{"line":26,"column":28}}]},"6":{"type":"branch","line":26,"loc":{"start":{"line":26,"column":28},"end":{"line":29,"column":7}},"locations":[{"start":{"line":26,"column":28},"end":{"line":29,"column":7}}]},"7":{"type":"branch","line":30,"loc":{"start":{"line":30,"column":4},"end":{"line":33,"column":2}},"locations":[{"start":{"line":30,"column":4},"end":{"line":33,"column":2}}]},"8":{"type":"branch","line":41,"loc":{"start":{"line":41,"column":2},"end":{"line":52,"column":3}},"locations":[{"start":{"line":41,"column":2},"end":{"line":52,"column":3}}]},"9":{"type":"branch","line":59,"loc":{"start":{"line":59,"column":2},"end":{"line":81,"column":3}},"locations":[{"start":{"line":59,"column":2},"end":{"line":81,"column":3}}]},"10":{"type":"branch","line":79,"loc":{"start":{"line":79,"column":28},"end":{"line":79,"column":62}},"locations":[{"start":{"line":79,"column":28},"end":{"line":79,"column":62}}]},"11":{"type":"branch","line":79,"loc":{"start":{"line":79,"column":63},"end":{"line":79,"column":66}},"locations":[{"start":{"line":79,"column":63},"end":{"line":79,"column":66}}]},"12":{"type":"branch","line":64,"loc":{"start":{"line":64,"column":21},"end":{"line":74,"column":5}},"locations":[{"start":{"line":64,"column":21},"end":{"line":74,"column":5}}]},"13":{"type":"branch","line":65,"loc":{"start":{"line":65,"column":30},"end":{"line":73,"column":7}},"locations":[{"start":{"line":65,"column":30},"end":{"line":73,"column":7}}]},"14":{"type":"branch","line":66,"loc":{"start":{"line":66,"column":35},"end":{"line":72,"column":9}},"locations":[{"start":{"line":66,"column":35},"end":{"line":72,"column":9}}]},"15":{"type":"branch","line":69,"loc":{"start":{"line":69,"column":31},"end":{"line":71,"column":11}},"locations":[{"start":{"line":69,"column":31},"end":{"line":71,"column":11}}]},"16":{"type":"branch","line":87,"loc":{"start":{"line":87,"column":2},"end":{"line":102,"column":3}},"locations":[{"start":{"line":87,"column":2},"end":{"line":102,"column":3}}]},"17":{"type":"branch","line":90,"loc":{"start":{"line":90,"column":46},"end":{"line":99,"column":5}},"locations":[{"start":{"line":90,"column":46},"end":{"line":99,"column":5}}]},"18":{"type":"branch","line":93,"loc":{"start":{"line":93,"column":32},"end":{"line":95,"column":7}},"locations":[{"start":{"line":93,"column":32},"end":{"line":95,"column":7}}]},"19":{"type":"branch","line":95,"loc":{"start":{"line":95,"column":7},"end":{"line":98,"column":7}},"locations":[{"start":{"line":95,"column":7},"end":{"line":98,"column":7}}]}},"b":{"0":[4],"1":[1],"2":[3],"3":[21],"4":[1],"5":[20],"6":[3],"7":[2],"8":[27],"9":[42],"10":[23],"11":[19],"12":[41],"13":[243],"14":[26],"15":[23],"16":[4],"17":[40],"18":[18],"19":[22]},"fnMap":{"0":{"name":"calculateRecommendedTable","decl":{"start":{"line":8,"column":2},"end":{"line":33,"column":3}},"loc":{"start":{"line":8,"column":2},"end":{"line":33,"column":3}},"line":8},"1":{"name":"calculatePerformanceScore","decl":{"start":{"line":41,"column":2},"end":{"line":52,"column":3}},"loc":{"start":{"line":41,"column":2},"end":{"line":52,"column":3}},"line":41},"2":{"name":"getTableStats","decl":{"start":{"line":59,"column":2},"end":{"line":81,"column":3}},"loc":{"start":{"line":59,"column":2},"end":{"line":81,"column":3}},"line":59},"3":{"name":"getAllPerformanceScores","decl":{"start":{"line":87,"column":2},"end":{"line":102,"column":3}},"loc":{"start":{"line":87,"column":2},"end":{"line":102,"column":3}},"line":87}},"f":{"0":4,"1":27,"2":42,"3":4}}
,"C:\\Users\\jgily\\dev\\personal\\mat-kids\\src\\services\\scoringService.js": {"path":"C:\\Users\\jgily\\dev\\personal\\mat-kids\\src\\services\\scoringService.js","all":false,"statementMap":{"0":{"start":{"line":1,"column":0},"end":{"line":1,"column":31}},"1":{"start":{"line":2,"column":0},"end":{"line":2,"column":5}},"2":{"start":{"line":3,"column":0},"end":{"line":3,"column":29}},"3":{"start":{"line":4,"column":0},"end":{"line":4,"column":64}},"4":{"start":{"line":5,"column":0},"end":{"line":5,"column":31}},"5":{"start":{"line":6,"column":0},"end":{"line":6,"column":52}},"6":{"start":{"line":7,"column":0},"end":{"line":7,"column":43}},"7":{"start":{"line":8,"column":0},"end":{"line":8,"column":5}},"8":{"start":{"line":9,"column":0},"end":{"line":9,"column":37}},"9":{"start":{"line":10,"column":0},"end":{"line":10,"column":28}},"11":{"start":{"line":12,"column":0},"end":{"line":12,"column":18}},"12":{"start":{"line":13,"column":0},"end":{"line":13,"column":34}},"13":{"start":{"line":14,"column":0},"end":{"line":14,"column":33}},"14":{"start":{"line":15,"column":0},"end":{"line":15,"column":34}},"15":{"start":{"line":16,"column":0},"end":{"line":16,"column":34}},"16":{"start":{"line":17,"column":0},"end":{"line":17,"column":13}},"17":{"start":{"line":18,"column":0},"end":{"line":18,"column":4}},"19":{"start":{"line":20,"column":0},"end":{"line":20,"column":5}},"20":{"start":{"line":21,"column":0},"end":{"line":21,"column":55}},"21":{"start":{"line":22,"column":0},"end":{"line":22,"column":22}},"22":{"start":{"line":23,"column":0},"end":{"line":23,"column":5}},"23":{"start":{"line":24,"column":0},"end":{"line":24,"column":31}},"24":{"start":{"line":25,"column":0},"end":{"line":25,"column":37}},"25":{"start":{"line":26,"column":0},"end":{"line":26,"column":62}},"26":{"start":{"line":27,"column":0},"end":{"line":27,"column":4}},"28":{"start":{"line":29,"column":0},"end":{"line":29,"column":5}},"29":{"start":{"line":30,"column":0},"end":{"line":30,"column":55}},"30":{"start":{"line":31,"column":0},"end":{"line":31,"column":46}},"31":{"start":{"line":32,"column":0},"end":{"line":32,"column":5}},"32":{"start":{"line":33,"column":0},"end":{"line":33,"column":29}},"33":{"start":{"line":34,"column":0},"end":{"line":34,"column":37}},"34":{"start":{"line":35,"column":0},"end":{"line":35,"column":58}},"35":{"start":{"line":36,"column":0},"end":{"line":36,"column":54}},"36":{"start":{"line":37,"column":0},"end":{"line":37,"column":4}},"38":{"start":{"line":39,"column":0},"end":{"line":39,"column":5}},"39":{"start":{"line":40,"column":0},"end":{"line":40,"column":55}},"40":{"start":{"line":41,"column":0},"end":{"line":41,"column":56}},"41":{"start":{"line":42,"column":0},"end":{"line":42,"column":5}},"42":{"start":{"line":43,"column":0},"end":{"line":43,"column":32}},"43":{"start":{"line":44,"column":0},"end":{"line":44,"column":37}},"44":{"start":{"line":45,"column":0},"end":{"line":45,"column":76}},"45":{"start":{"line":46,"column":0},"end":{"line":46,"column":44}},"46":{"start":{"line":47,"column":0},"end":{"line":47,"column":4}},"48":{"start":{"line":49,"column":0},"end":{"line":49,"column":5}},"49":{"start":{"line":50,"column":0},"end":{"line":50,"column":27}},"50":{"start":{"line":51,"column":0},"end":{"line":51,"column":60}},"51":{"start":{"line":52,"column":0},"end":{"line":52,"column":5}},"52":{"start":{"line":53,"column":0},"end":{"line":53,"column":24}},"53":{"start":{"line":54,"column":0},"end":{"line":54,"column":40}},"54":{"start":{"line":55,"column":0},"end":{"line":55,"column":38}},"55":{"start":{"line":56,"column":0},"end":{"line":56,"column":38}},"56":{"start":{"line":57,"column":0},"end":{"line":57,"column":36}},"57":{"start":{"line":58,"column":0},"end":{"line":58,"column":17}},"58":{"start":{"line":59,"column":0},"end":{"line":59,"column":3}},"59":{"start":{"line":60,"column":0},"end":{"line":60,"column":1}}},"s":{"0":1,"1":1,"2":1,"3":1,"4":1,"5":1,"6":1,"7":1,"8":1,"9":35,"11":33,"12":35,"13":13,"14":13,"15":13,"16":2,"17":1,"19":1,"20":1,"21":1,"22":1,"23":1,"24":3,"25":2,"26":1,"28":1,"29":1,"30":1,"31":1,"32":1,"33":4,"34":3,"35":3,"36":1,"38":1,"39":1,"40":1,"41":1,"42":1,"43":2,"44":1,"45":1,"46":1,"48":1,"49":1,"50":1,"51":1,"52":1,"53":27,"54":5,"55":5,"56":5,"57":1,"58":27,"59":1},"branchMap":{"0":{"type":"branch","line":9,"loc":{"start":{"line":9,"column":2},"end":{"line":18,"column":3}},"locations":[{"start":{"line":9,"column":2},"end":{"line":18,"column":3}}]},"1":{"type":"branch","line":10,"loc":{"start":{"line":10,"column":20},"end":{"line":10,"column":28}},"locations":[{"start":{"line":10,"column":20},"end":{"line":10,"column":28}}]},"2":{"type":"branch","line":10,"loc":{"start":{"line":10,"column":27},"end":{"line":13,"column":24}},"locations":[{"start":{"line":10,"column":27},"end":{"line":13,"column":24}}]},"3":{"type":"branch","line":13,"loc":{"start":{"line":13,"column":24},"end":{"line":13,"column":34}},"locations":[{"start":{"line":13,"column":24},"end":{"line":13,"column":34}}]},"4":{"type":"branch","line":13,"loc":{"start":{"line":13,"column":31},"end":{"line":18,"column":2}},"locations":[{"start":{"line":13,"column":31},"end":{"line":18,"column":2}}]},"5":{"type":"branch","line":13,"loc":{"start":{"line":13,"column":31},"end":{"line":14,"column":24}},"locations":[{"start":{"line":13,"column":31},"end":{"line":14,"column":24}}]},"6":{"type":"branch","line":14,"loc":{"start":{"line":14,"column":24},"end":{"line":14,"column":33}},"locations":[{"start":{"line":14,"column":24},"end":{"line":14,"column":33}}]},"7":{"type":"branch","line":14,"loc":{"start":{"line":14,"column":31},"end":{"line":15,"column":25}},"locations":[{"start":{"line":14,"column":31},"end":{"line":15,"column":25}}]},"8":{"type":"branch","line":15,"loc":{"start":{"line":15,"column":25},"end":{"line":15,"column":34}},"locations":[{"start":{"line":15,"column":25},"end":{"line":15,"column":34}}]},"9":{"type":"branch","line":15,"loc":{"start":{"line":15,"column":32},"end":{"line":16,"column":25}},"locations":[{"start":{"line":15,"column":32},"end":{"line":16,"column":25}}]},"10":{"type":"branch","line":16,"loc":{"start":{"line":16,"column":25},"end":{"line":18,"column":2}},"locations":[{"start":{"line":16,"column":25},"end":{"line":18,"column":2}}]},"11":{"type":"branch","line":24,"loc":{"start":{"line":24,"column":2},"end":{"line":27,"column":3}},"locations":[{"start":{"line":24,"column":2},"end":{"line":27,"column":3}}]},"12":{"type":"branch","line":25,"loc":{"start":{"line":25,"column":29},"end":{"line":27,"column":2}},"locations":[{"start":{"line":25,"column":29},"end":{"line":27,"column":2}}]},"13":{"type":"branch","line":25,"loc":{"start":{"line":25,"column":29},"end":{"line":25,"column":37}},"locations":[{"start":{"line":25,"column":29},"end":{"line":25,"column":37}}]},"14":{"type":"branch","line":26,"loc":{"start":{"line":26,"column":25},"end":{"line":26,"column":58}},"locations":[{"start":{"line":26,"column":25},"end":{"line":26,"column":58}}]},"15":{"type":"branch","line":33,"loc":{"start":{"line":33,"column":2},"end":{"line":37,"column":3}},"locations":[{"start":{"line":33,"column":2},"end":{"line":37,"column":3}}]},"16":{"type":"branch","line":34,"loc":{"start":{"line":34,"column":29},"end":{"line":34,"column":37}},"locations":[{"start":{"line":34,"column":29},"end":{"line":34,"column":37}}]},"17":{"type":"branch","line":34,"loc":{"start":{"line":34,"column":36},"end":{"line":37,"column":2}},"locations":[{"start":{"line":34,"column":36},"end":{"line":37,"column":2}}]},"18":{"type":"branch","line":35,"loc":{"start":{"line":35,"column":34},"end":{"line":35,"column":50}},"locations":[{"start":{"line":35,"column":34},"end":{"line":35,"column":50}}]},"19":{"type":"branch","line":43,"loc":{"start":{"line":43,"column":2},"end":{"line":47,"column":3}},"locations":[{"start":{"line":43,"column":2},"end":{"line":47,"column":3}}]},"20":{"type":"branch","line":44,"loc":{"start":{"line":44,"column":29},"end":{"line":47,"column":2}},"locations":[{"start":{"line":44,"column":29},"end":{"line":47,"column":2}}]},"21":{"type":"branch","line":45,"loc":{"start":{"line":45,"column":32},"end":{"line":45,"column":72}},"locations":[{"start":{"line":45,"column":32},"end":{"line":45,"column":72}}]},"22":{"type":"branch","line":53,"loc":{"start":{"line":53,"column":2},"end":{"line":59,"column":3}},"locations":[{"start":{"line":53,"column":2},"end":{"line":59,"column":3}}]},"23":{"type":"branch","line":54,"loc":{"start":{"line":54,"column":24},"end":{"line":54,"column":40}},"locations":[{"start":{"line":54,"column":24},"end":{"line":54,"column":40}}]},"24":{"type":"branch","line":54,"loc":{"start":{"line":54,"column":39},"end":{"line":59,"column":2}},"locations":[{"start":{"line":54,"column":39},"end":{"line":59,"column":2}}]},"25":{"type":"branch","line":54,"loc":{"start":{"line":54,"column":39},"end":{"line":55,"column":24}},"locations":[{"start":{"line":54,"column":39},"end":{"line":55,"column":24}}]},"26":{"type":"branch","line":55,"loc":{"start":{"line":55,"column":24},"end":{"line":55,"column":38}},"locations":[{"start":{"line":55,"column":24},"end":{"line":55,"column":38}}]},"27":{"type":"branch","line":55,"loc":{"start":{"line":55,"column":37},"end":{"line":56,"column":25}},"locations":[{"start":{"line":55,"column":37},"end":{"line":56,"column":25}}]},"28":{"type":"branch","line":56,"loc":{"start":{"line":56,"column":25},"end":{"line":56,"column":38}},"locations":[{"start":{"line":56,"column":25},"end":{"line":56,"column":38}}]},"29":{"type":"branch","line":56,"loc":{"start":{"line":56,"column":37},"end":{"line":57,"column":25}},"locations":[{"start":{"line":56,"column":37},"end":{"line":57,"column":25}}]},"30":{"type":"branch","line":57,"loc":{"start":{"line":57,"column":25},"end":{"line":59,"column":2}},"locations":[{"start":{"line":57,"column":25},"end":{"line":59,"column":2}}]}},"b":{"0":[35],"1":[2],"2":[33],"3":[24],"4":[13],"5":[9],"6":[3],"7":[6],"8":[2],"9":[4],"10":[2],"11":[3],"12":[2],"13":[1],"14":[13],"15":[4],"16":[1],"17":[3],"18":[8],"19":[2],"20":[1],"21":[3],"22":[27],"23":[23],"24":[5],"25":[4],"26":[1],"27":[3],"28":[1],"29":[2],"30":[1]},"fnMap":{"0":{"name":"calculateScore","decl":{"start":{"line":9,"column":2},"end":{"line":18,"column":3}},"loc":{"start":{"line":9,"column":2},"end":{"line":18,"column":3}},"line":9},"1":{"name":"calculateTotalScore","decl":{"start":{"line":24,"column":2},"end":{"line":27,"column":3}},"loc":{"start":{"line":24,"column":2},"end":{"line":27,"column":3}},"line":24},"2":{"name":"calculateAccuracy","decl":{"start":{"line":33,"column":2},"end":{"line":37,"column":3}},"loc":{"start":{"line":33,"column":2},"end":{"line":37,"column":3}},"line":33},"3":{"name":"calculateAverageTime","decl":{"start":{"line":43,"column":2},"end":{"line":47,"column":3}},"loc":{"start":{"line":43,"column":2},"end":{"line":47,"column":3}},"line":43},"4":{"name":"getScoreTier","decl":{"start":{"line":53,"column":2},"end":{"line":59,"column":3}},"loc":{"start":{"line":53,"column":2},"end":{"line":59,"column":3}},"line":53}},"f":{"0":35,"1":3,"2":4,"3":2,"4":27}}
,"C:\\Users\\jgily\\dev\\personal\\mat-kids\\src\\services\\storageService.js": {"path":"C:\\Users\\jgily\\dev\\personal\\mat-kids\\src\\services\\storageService.js","all":false,"statementMap":{"0":{"start":{"line":1,"column":0},"end":{"line":1,"column":33}},"1":{"start":{"line":2,"column":0},"end":{"line":2,"column":44}},"3":{"start":{"line":4,"column":0},"end":{"line":4,"column":31}},"4":{"start":{"line":5,"column":0},"end":{"line":5,"column":5}},"5":{"start":{"line":6,"column":0},"end":{"line":6,"column":27}},"6":{"start":{"line":7,"column":0},"end":{"line":7,"column":21}},"7":{"start":{"line":8,"column":0},"end":{"line":8,"column":5}},"8":{"start":{"line":9,"column":0},"end":{"line":9,"column":23}},"9":{"start":{"line":10,"column":0},"end":{"line":10,"column":9}},"10":{"start":{"line":11,"column":0},"end":{"line":11,"column":56}},"11":{"start":{"line":12,"column":0},"end":{"line":12,"column":44}},"12":{"start":{"line":13,"column":0},"end":{"line":13,"column":26}},"13":{"start":{"line":14,"column":0},"end":{"line":14,"column":29}},"14":{"start":{"line":15,"column":0},"end":{"line":15,"column":21}},"15":{"start":{"line":16,"column":0},"end":{"line":16,"column":71}},"16":{"start":{"line":17,"column":0},"end":{"line":17,"column":15}},"17":{"start":{"line":18,"column":0},"end":{"line":18,"column":5}},"18":{"start":{"line":19,"column":0},"end":{"line":19,"column":4}},"20":{"start":{"line":21,"column":0},"end":{"line":21,"column":5}},"21":{"start":{"line":22,"column":0},"end":{"line":22,"column":27}},"22":{"start":{"line":23,"column":0},"end":{"line":23,"column":28}},"23":{"start":{"line":24,"column":0},"end":{"line":24,"column":5}},"24":{"start":{"line":25,"column":0},"end":{"line":25,"column":34}},"25":{"start":{"line":26,"column":0},"end":{"line":26,"column":9}},"26":{"start":{"line":27,"column":0},"end":{"line":27,"column":56}},"27":{"start":{"line":28,"column":0},"end":{"line":28,"column":57}},"28":{"start":{"line":29,"column":0},"end":{"line":29,"column":21}},"29":{"start":{"line":30,"column":0},"end":{"line":30,"column":68}},"30":{"start":{"line":31,"column":0},"end":{"line":31,"column":5}},"31":{"start":{"line":32,"column":0},"end":{"line":32,"column":4}},"33":{"start":{"line":34,"column":0},"end":{"line":34,"column":5}},"34":{"start":{"line":35,"column":0},"end":{"line":35,"column":67}},"35":{"start":{"line":36,"column":0},"end":{"line":36,"column":5}},"36":{"start":{"line":37,"column":0},"end"
[...]
:8,"loc":{"start":{"line":8,"column":11},"end":{"line":8,"column":31}},"locations":[{"start":{"line":8,"column":11},"end":{"line":8,"column":31}}]},"6":{"type":"branch","line":9,"loc":{"start":{"line":9,"column":9},"end":{"line":12,"column":5}},"locations":[{"start":{"line":9,"column":9},"end":{"line":12,"column":5}}]},"7":{"type":"branch","line":11,"loc":{"start":{"line":11,"column":25},"end":{"line":11,"column":32}},"locations":[{"start":{"line":11,"column":25},"end":{"line":11,"column":32}}]},"8":{"type":"branch","line":13,"loc":{"start":{"line":13,"column":4},"end":{"line":13,"column":53}},"locations":[{"start":{"line":13,"column":4},"end":{"line":13,"column":53}}]}},"b":{"0":[24],"1":[12],"2":[6],"3":[43],"4":[1],"5":[29],"6":[1],"7":[0],"8":[2]},"fnMap":{"0":{"name":"createLocalStorageMock","decl":{"start":{"line":1,"column":38},"end":{"line":16,"column":1}},"loc":{"start":{"line":1,"column":38},"end":{"line":16,"column":1}},"line":1},"1":{"name":"getItem","decl":{"start":{"line":5,"column":13},"end":{"line":5,"column":40}},"loc":{"start":{"line":5,"column":13},"end":{"line":5,"column":40}},"line":5},"2":{"name":"setItem","decl":{"start":{"line":6,"column":13},"end":{"line":6,"column":62}},"loc":{"start":{"line":6,"column":13},"end":{"line":6,"column":62}},"line":6},"3":{"name":"removeItem","decl":{"start":{"line":7,"column":16},"end":{"line":7,"column":46}},"loc":{"start":{"line":7,"column":16},"end":{"line":7,"column":46}},"line":7},"4":{"name":"clear","decl":{"start":{"line":8,"column":11},"end":{"line":8,"column":31}},"loc":{"start":{"line":8,"column":11},"end":{"line":8,"column":31}},"line":8},"5":{"name":"key","decl":{"start":{"line":9,"column":9},"end":{"line":12,"column":5}},"loc":{"start":{"line":9,"column":9},"end":{"line":12,"column":5}},"line":9},"6":{"name":"get length","decl":{"start":{"line":13,"column":4},"end":{"line":13,"column":53}},"loc":{"start":{"line":13,"column":4},"end":{"line":13,"column":53}},"line":13},"7":{"name":"hasOwnProperty","decl":{"start":{"line":14,"column":20},"end":{"line":14,"column":77}},"loc":{"start":{"line":14,"column":20},"end":{"line":14,"column":77}},"line":14}},"f":{"0":24,"1":12,"2":43,"3":1,"4":29,"5":1,"6":2,"7":0}}
,"C:\\Users\\jgily\\dev\\personal\\mat-kids\\src\\types\\game.js": {"path":"C:\\Users\\jgily\\dev\\personal\\mat-kids\\src\\types\\game.js","all":true,"statementMap":{"0":{"start":{"line":1,"column":0},"end":{"line":1,"column":3}},"1":{"start":{"line":2,"column":0},"end":{"line":2,"column":29}},"2":{"start":{"line":3,"column":0},"end":{"line":3,"column":24}},"3":{"start":{"line":4,"column":0},"end":{"line":4,"column":42}},"4":{"start":{"line":5,"column":0},"end":{"line":5,"column":55}},"5":{"start":{"line":6,"column":0},"end":{"line":6,"column":56}},"6":{"start":{"line":7,"column":0},"end":{"line":7,"column":3}},"8":{"start":{"line":9,"column":0},"end":{"line":9,"column":3}},"9":{"start":{"line":10,"column":0},"end":{"line":10,"column":26}},"10":{"start":{"line":11,"column":0},"end":{"line":11,"column":32}},"11":{"start":{"line":12,"column":0},"end":{"line":12,"column":27}},"12":{"start":{"line":13,"column":0},"end":{"line":13,"column":32}},"13":{"start":{"line":14,"column":0},"end":{"line":14,"column":35}},"14":{"start":{"line":15,"column":0},"end":{"line":15,"column":39}},"15":{"start":{"line":16,"column":0},"end":{"line":16,"column":49}},"16":{"start":{"line":17,"column":0},"end":{"line":17,"column":32}},"17":{"start":{"line":18,"column":0},"end":{"line":18,"column":35}},"18":{"start":{"line":19,"column":0},"end":{"line":19,"column":3}},"20":{"start":{"line":21,"column":0},"end":{"line":21,"column":3}},"21":{"start":{"line":22,"column":0},"end":{"line":22,"column":32}},"22":{"start":{"line":23,"column":0},"end":{"line":23,"column":34}},"23":{"start":{"line":24,"column":0},"end":{"line":24,"column":28}},"24":{"start":{"line":25,"column":0},"end":{"line":25,"column":54}},"25":{"start":{"line":26,"column":0},"end":{"line":26,"column":31}},"26":{"start":{"line":27,"column":0},"end":{"line":27,"column":40}},"27":{"start":{"line":28,"column":0},"end":{"line":28,"column":50}},"28":{"start":{"line":29,"column":0},"end":{"line":29,"column":32}},"29":{"start":{"line":30,"column":0},"end":{"line":30,"column":3}}},"s":{"0":0,"1":0,"2":0,"3":0,"4":0,"5":0,"6":0,"8":0,"9":0,"10":0,"11":0,"12":0,"13":0,"14":0,"15":0,"16":0,"17":0,"18":0,"20":0,"21":0,"22":0,"23":0,"24":0,"25":0,"26":0,"27":0,"28":0,"29":0},"branchMap":{"0":{"type":"branch","line":1,"loc":{"start":{"line":1,"column":872},"end":{"line":32,"column":9}},"locations":[{"start":{"line":1,"column":872},"end":{"line":32,"column":9}}]}},"b":{"0":[0]},"fnMap":{"0":{"name":"(empty-report)","decl":{"start":{"line":1,"column":872},"end":{"line":32,"column":9}},"loc":{"start":{"line":1,"column":872},"end":{"line":32,"column":9}},"line":1}},"f":{"0":0}}
,"C:\\Users\\jgily\\dev\\personal\\mat-kids\\src\\types\\history.js": {"path":"C:\\Users\\jgily\\dev\\personal\\mat-kids\\src\\types\\history.js","all":true,"statementMap":{"0":{"start":{"line":1,"column":0},"end":{"line":1,"column":3}},"1":{"start":{"line":2,"column":0},"end":{"line":2,"column":37}},"2":{"start":{"line":3,"column":0},"end":{"line":3,"column":30}},"3":{"start":{"line":4,"column":0},"end":{"line":4,"column":29}},"4":{"start":{"line":5,"column":0},"end":{"line":5,"column":44}},"5":{"start":{"line":6,"column":0},"end":{"line":6,"column":3}},"7":{"start":{"line":8,"column":0},"end":{"line":8,"column":3}},"8":{"start":{"line":9,"column":0},"end":{"line":9,"column":33}},"9":{"start":{"line":10,"column":0},"end":{"line":10,"column":47}},"10":{"start":{"line":11,"column":0},"end":{"line":11,"column":36}},"11":{"start":{"line":12,"column":0},"end":{"line":12,"column":32}},"12":{"start":{"line":13,"column":0},"end":{"line":13,"column":33}},"13":{"start":{"line":14,"column":0},"end":{"line":14,"column":66}},"14":{"start":{"line":15,"column":0},"end":{"line":15,"column":3}},"16":{"start":{"line":17,"column":0},"end":{"line":17,"column":3}},"17":{"start":{"line":18,"column":0},"end":{"line":18,"column":35}},"18":{"start":{"line":19,"column":0},"end":{"line":19,"column":35}},"19":{"start":{"line":20,"column":0},"end":{"line":20,"column":30}},"20":{"start":{"line":21,"column":0},"end":{"line":21,"column":32}},"21":{"start":{"line":22,"column":0},"end":{"line":22,"column":43}},"22":{"start":{"line":23,"column":0},"end":{"line":23,"column":3}}},"s":{"0":0,"1":0,"2":0,"3":0,"4":0,"5":0,"7":0,"8":0,"9":0,"10":0,"11":0,"12":0,"13":0,"14":0,"16":0,"17":0,"18":0,"19":0,"20":0,"21":0,"22":0},"branchMap":{"0":{"type":"branch","line":1,"loc":{"start":{"line":1,"column":613},"end":{"line":25,"column":9}},"locations":[{"start":{"line":1,"column":613},"end":{"line":25,"column":9}}]}},"b":{"0":[0]},"fnMap":{"0":{"name":"(empty-report)","decl":{"start":{"line":1,"column":613},"end":{"line":25,"column":9}},"loc":{"start":{"line":1,"column":613},"end":{"line":25,"column":9}},"line":1}},"f":{"0":0}}
,"C:\\Users\\jgily\\dev\\personal\\mat-kids\\src\\types\\index.js": {"path":"C:\\Users\\jgily\\dev\\personal\\mat-kids\\src\\types\\index.js","all":true,"statementMap":{"0":{"start":{"line":1,"column":0},"end":{"line":1,"column":25}},"1":{"start":{"line":2,"column":0},"end":{"line":2,"column":25}},"2":{"start":{"line":3,"column":0},"end":{"line":3,"column":28}}},"s":{"0":0,"1":0,"2":0},"branchMap":{"0":{"type":"branch","line":1,"loc":{"start":{"line":1,"column":0},"end":{"line":3,"column":-27}},"locations":[{"start":{"line":1,"column":0},"end":{"line":3,"column":-27}}]}},"b":{"0":[0]},"fnMap":{"0":{"name":"(empty-report)","decl":{"start":{"line":1,"column":0},"end":{"line":3,"column":-27}},"loc":{"start":{"line":1,"column":0},"end":{"line":3,"column":-27}},"line":1}},"f":{"0":0}}
,"C:\\Users\\jgily\\dev\\personal\\mat-kids\\src\\types\\user.js": {"path":"C:\\Users\\jgily\\dev\\personal\\mat-kids\\src\\types\\user.js","all":true,"statementMap":{"0":{"start":{"line":1,"column":0},"end":{"line":1,"column":3}},"1":{"start":{"line":2,"column":0},"end":{"line":2,"column":25}},"2":{"start":{"line":3,"column":0},"end":{"line":3,"column":57}},"3":{"start":{"line":4,"column":0},"end":{"line":4,"column":56}},"4":{"start":{"line":5,"column":0},"end":{"line":5,"column":53}},"5":{"start":{"line":6,"column":0},"end":{"line":6,"column":3}}},"s":{"0":0,"1":0,"2":0,"3":0,"4":0,"5":0},"branchMap":{"0":{"type":"branch","line":1,"loc":{"start":{"line":1,"column":213},"end":{"line":8,"column":9}},"locations":[{"start":{"line":1,"column":213},"end":{"line":8,"column":9}}]}},"b":{"0":[0]},"fnMap":{"0":{"name":"(empty-report)","decl":{"start":{"line":1,"column":213},"end":{"line":8,"column":9}},"loc":{"start":{"line":1,"column":213},"end":{"line":8,"column":9}},"line":1}},"f":{"0":0}}
,"C:\\Users\\jgily\\dev\\personal\\mat-kids\\src\\utils\\dateHelpers.js": {"path":"C:\\Users\\jgily\\dev\\personal\\mat-kids\\src\\utils\\dateHelpers.js","all":false,"statementMap":{"0":{"start":{"line":1,"column":0},"end":{"line":1,"column":3}},"1":{"start":{"line":2,"column":0},"end":{"line":2,"column":61}},"2":{"start":{"line":3,"column":0},"end":{"line":3,"column":48}},"3":{"start":{"line":4,"column":0},"end":{"line":4,"column":3}},"4":{"start":{"line":5,"column":0},"end":{"line":5,"column":39}},"5":{"start":{"line":6,"column":0},"end":{"line":6,"column":34}},"6":{"start":{"line":7,"column":0},"end":{"line":7,"column":33}},"7":{"start":{"line":8,"column":0},"end":{"line":8,"column":60}},"8":{"start":{"line":9,"column":0},"end":{"line":9,"column":53}},"9":{"start":{"line":10,"column":0},"end":{"line":10,"column":34}},"10":{"start":{"line":11,"column":0},"end":{"line":11,"column":1}},"12":{"start":{"line":13,"column":0},"end":{"line":13,"column":3}},"13":{"start":{"line":14,"column":0},"end":{"line":14,"column":61}},"14":{"start":{"line":15,"column":0},"end":{"line":15,"column":49}},"15":{"start":{"line":16,"column":0},"end":{"line":16,"column":21}},"16":{"start":{"line":17,"column":0},"end":{"line":17,"column":3}},"17":{"start":{"line":18,"column":0},"end":{"line":18,"column":52}},"18":{"start":{"line":19,"column":0},"end":{"line":19,"column":24}},"19":{"start":{"line":20,"column":0},"end":{"line":20,"column":32}},"20":{"start":{"line":21,"column":0},"end":{"line":21,"column":49}},"21":{"start":{"line":22,"column":0},"end":{"line":22,"column":25}},"22":{"start":{"line":23,"column":0},"end":{"line":23,"column":1}},"24":{"start":{"line":25,"column":0},"end":{"line":25,"column":3}},"25":{"start":{"line":26,"column":0},"end":{"line":26,"column":69}},"26":{"start":{"line":27,"column":0},"end":{"line":27,"column":3}},"27":{"start":{"line":28,"column":0},"end":{"line":28,"column":32}},"28":{"start":{"line":29,"column":0},"end":{"line":29,"column":17}},"29":{"start":{"line":30,"column":0},"end":{"line":30,"column":31}},"30":{"start":{"line":31,"column":0},"end":{"line":31,"column":60}},"31":{"start":{"line":32,"column":0},"end":{"line":32,"column":36}},"32":{"start":{"line":33,"column":0},"end":{"line":33,"column":3}},"33":{"start":{"line":34,"column":0},"end":{"line":34,"column":13}},"34":{"start":{"line":35,"column":0},"end":{"line":35,"column":1}}},"s":{"0":1,"1":1,"2":1,"3":1,"4":1,"5":24,"6":24,"7":24,"8":24,"9":24,"10":24,"12":1,"13":1,"14":1,"15":1,"16":1,"17":1,"18":13,"19":13,"20":13,"21":13,"22":13,"24":1,"25":1,"26":1,"27":1,"28":2,"29":2,"30":14,"31":14,"32":14,"33":2,"34":2},"branchMap":{"0":{"type":"branch","line":5,"loc":{"start":{"line":5,"column":7},"end":{"line":11,"column":1}},"locations":[{"start":{"line":5,"column":7},"end":{"line":11,"column":1}}]},"1":{"type":"branch","line":18,"loc":{"start":{"line":18,"column":7},"end":{"line":23,"column":1}},"locations":[{"start":{"line":18,"column":7},"end":{"line":23,"column":1}}]},"2":{"type":"branch","line":28,"loc":{"start":{"line":28,"column":7},"end":{"line":35,"column":1}},"locations":[{"start":{"line":28,"column":7},"end":{"line":35,"column":1}}]},"3":{"type":"branch","line":30,"loc":{"start":{"line":30,"column":30},"end":{"line":33,"column":3}},"locations":[{"start":{"line":30,"column":30},"end":{"line":33,"column":3}}]}},"b":{"0":[24],"1":[13],"2":[2],"3":[14]},"fnMap":{"0":{"name":"formatDate","decl":{"start":{"line":5,"column":7},"end":{"line":11,"column":1}},"loc":{"start":{"line":5,"column":7},"end":{"line":11,"column":1}},"line":5},"1":{"name":"isWithinLastNDays","decl":{"start":{"line":18,"column":7},"end":{"line":23,"column":1}},"loc":{"start":{"line":18,"column":7},"end":{"line":23,"column":1}},"line":18},"2":{"name":"getLast7Days","decl":{"start":{"line":28,"column":7},"end":{"line":35,"column":1}},"loc":{"start":{"line":28,"column":7},"end":{"line":35,"column":1}},"line":28}},"f":{"0":24,"1":13,"2":2}}
,"C:\\Users\\jgily\\dev\\personal\\mat-kids\\src\\utils\\fingerprint.js": {"path":"C:\\Users\\jgily\\dev\\personal\\mat-kids\\src\\utils\\fingerprint.js","all":false,"statementMap":{"0":{"start":{"line":1,"column":0},"end":{"line":1,"column":3}},"1":{"start":{"line":2,"column":0},"end":{"line":2,"column":49}},"2":{"start":{"line":3,"column":0},"end":{"line":3,"column":3}},"3":{"start":{"line":4,"column":0},"end":{"line":4,"column":39}},"4":{"start":{"line":5,"column":0},"end":{"line":5,"column":10}},"5":{"start":{"line":6,"column":0},"end":{"line":6,"column":24}},"6":{"start":{"line":7,"column":0},"end":{"line":7,"column":23}},"7":{"start":{"line":8,"column":0},"end":{"line":8,"column":17}},"8":{"start":{"line":9,"column":0},"end":{"line":9,"column":17}},"9":{"start":{"line":10,"column":0},"end":{"line":10,"column":13}},"10":{"start":{"line":11,"column":0},"end":{"line":11,"column":1}}},"s":{"0":1,"1":1,"2":1,"3":1,"4":5,"5":5,"6":5,"7":5,"8":5,"9":5,"10":5},"branchMap":{"0":{"type":"branch","line":4,"loc":{"start":{"line":4,"column":7},"end":{"line":11,"column":1}},"locations":[{"start":{"line":4,"column":7},"end":{"line":11,"column":1}}]}},"b":{"0":[5]},"fnMap":{"0":{"name":"generateFingerprint","decl":{"start":{"line":4,"column":7},"end":{"line":11,"column":1}},"loc":{"start":{"line":4,"column":7},"end":{"line":11,"column":1}},"line":4}},"f":{"0":5}}
,"C:\\Users\\jgily\\dev\\personal\\mat-kids\\src\\utils\\slug.js": {"path":"C:\\Users\\jgily\\dev\\personal\\mat-kids\\src\\utils\\slug.js","all":false,"statementMap":{"0":{"start":{"line":1,"column":0},"end":{"line":1,"column":3}},"1":{"start":{"line":2,"column":0},"end":{"line":2,"column":23}},"2":{"start":{"line":3,"column":0},"end":{"line":3,"column":20}},"3":{"start":{"line":4,"column":0},"end":{"line":4,"column":3}},"4":{"start":{"line":5,"column":0},"end":{"line":5,"column":31}},"5":{"start":{"line":6,"column":0},"end":{"line":6,"column":13}},"6":{"start":{"line":7,"column":0},"end":{"line":7,"column":21}},"7":{"start":{"line":8,"column":0},"end":{"line":8,"column":36}},"8":{"start":{"line":9,"column":0},"end":{"line":9,"column":18}},"9":{"start":{"line":10,"column":0},"end":{"line":10,"column":33}},"10":{"start":{"line":11,"column":0},"end":{"line":11,"column":25}},"11":{"start":{"line":12,"column":0},"end":{"line":12,"column":24}},"12":{"start":{"line":13,"column":0},"end":{"line":13,"column":28}},"13":{"start":{"line":14,"column":0},"end":{"line":14,"column":1}}},"s":{"0":1,"1":1,"2":1,"3":1,"4":1,"5":19,"6":19,"7":19,"8":19,"9":19,"10":19,"11":19,"12":19,"13":19},"branchMap":{"0":{"type":"branch","line":5,"loc":{"start":{"line":5,"column":7},"end":{"line":14,"column":1}},"locations":[{"start":{"line":5,"column":7},"end":{"line":14,"column":1}}]}},"b":{"0":[19]},"fnMap":{"0":{"name":"slugify","decl":{"start":{"line":5,"column":7},"end":{"line":14,"column":1}},"loc":{"start":{"line":5,"column":7},"end":{"line":14,"column":1}},"line":5}},"f":{"0":19}}
,"C:\\Users\\jgily\\dev\\personal\\mat-kids\\src\\utils\\uuid.js": {"path":"C:\\Users\\jgily\\dev\\personal\\mat-kids\\src\\utils\\uuid.js","all":false,"statementMap":{"0":{"start":{"line":1,"column":0},"end":{"line":1,"column":3}},"1":{"start":{"line":2,"column":0},"end":{"line":2,"column":37}},"2":{"start":{"line":3,"column":0},"end":{"line":3,"column":3}},"3":{"start":{"line":4,"column":0},"end":{"line":4,"column":32}},"4":{"start":{"line":5,"column":0},"end":{"line":5,"column":55}},"5":{"start":{"line":6,"column":0},"end":{"line":6,"column":59}},"6":{"start":{"line":7,"column":0},"end":{"line":7,"column":30}},"7":{"start":{"line":8,"column":0},"end":{"line":8,"column":3}},"9":{"start":{"line":10,"column":0},"end":{"line":10,"column":51}},"10":{"start":{"line":11,"column":0},"end":{"line":11,"column":73}},"11":{"start":{"line":12,"column":0},"end":{"line":12,"column":36}},"12":{"start":{"line":13,"column":0},"end":{"line":13,"column":45}},"13":{"start":{"line":14,"column":0},"end":{"line":14,"column":25}},"14":{"start":{"line":15,"column":0},"end":{"line":15,"column":4}},"15":{"start":{"line":16,"column":0},"end":{"line":16,"column":1}}},"s":{"0":1,"1":1,"2":1,"3":1,"4":134,"5":134,"6":134,"7":134,"9":0,"10":0,"11":0,"12":0,"13":0,"14":0,"15":0},"branchMap":{"0":{"type":"branch","line":4,"loc":{"start":{"line":4,"column":7},"end":{"line":16,"column":1}},"locations":[{"start":{"line":4,"column":7},"end":{"line":16,"column":1}}]},"1":{"type":"branch","line":8,"loc":{"start":{"line":8,"column":2},"end":{"line":16,"column":1}},"locations":[{"start":{"line":8,"column":2},"end":{"line":16,"column":1}}]}},"b":{"0":[134],"1":[0]},"fnMap":{"0":{"name":"generateUUID","decl":{"start":{"line":4,"column":7},"end":{"line":16,"column":1}},"loc":{"start":{"line":4,"column":7},"end":{"line":16,"column":1}},"line":4}},"f":{"0":134}}
,"C:\\Users\\jgily\\dev\\personal\\mat-kids\\src\\utils\\validators.js": {"path":"C:\\Users\\jgily\\dev\\personal\\mat-kids\\src\\utils\\validators.js","all":false,"statementMap":{"0":{"start":{"line":1,"column":0},"end":{"line":1,"column":3}},"1":{"start":{"line":2,"column":0},"end":{"line":2,"column":19}},"2":{"start":{"line":3,"column":0},"end":{"line":3,"column":21}},"3":{"start":{"line":4,"column":0},"end":{"line":4,"column":3}},"4":{"start":{"line":5,"column":0},"end":{"line":5,"column":38}},"5":{"start":{"line":6,"column":0},"end":{"line":6,"column":61}},"6":{"start":{"line":7,"column":0},"end":{"line":7,"column":1}},"8":{"start":{"line":9,"column":0},"end":{"line":9,"column":3}},"9":{"start":{"line":10,"column":0},"end":{"line":10,"column":24}},"10":{"start":{"line":11,"column":0},"end":{"line":11,"column":22}},"11":{"start":{"line":12,"column":0},"end":{"line":12,"column":22}},"12":{"start":{"line":13,"column":0},"end":{"line":13,"column":21}},"13":{"start":{"line":14,"column":0},"end":{"line":14,"column":3}},"14":{"start":{"line":15,"column":0},"end":{"line":15,"column":44}},"15":{"start":{"line":16,"column":0},"end":{"line":16,"column":37}},"16":{"start":{"line":17,"column":0},"end":{"line":17,"column":1}}},"s":{"0":1,"1":1,"2":1,"3":1,"4":1,"5":5,"6":5,"8":1,"9":1,"10":1,"11":1,"12":1,"13":1,"14":1,"15":5,"16":5},"branchMap":{"0":{"type":"branch","line":5,"loc":{"start":{"line":5,"column":7},"end":{"line":7,"column":1}},"locations":[{"start":{"line":5,"column":7},"end":{"line":7,"column":1}}]},"1":{"type":"branch","line":6,"loc":{"start":{"line":6,"column":35},"end":{"line":6,"column":61}},"locations":[{"start":{"line":6,"column":35},"end":{"line":6,"column":61}}]},"2":{"type":"branch","line":15,"loc":{"start":{"line":15,"column":7},"end":{"line":17,"column":1}},"locations":[{"start":{"line":15,"column":7},"end":{"line":17,"column":1}}]},"3":{"type":"branch","line":16,"loc":{"start":{"line":16,"column":22},"end":{"line":16,"column":37}},"locations":[{"start":{"line":16,"column":22},"end":{"line":16,"column":37}}]}},"b":{"0":[5],"1":[3],"2":[5],"3":[4]},"fnMap":{"0":{"name":"isValidNumber","decl":{"start":{"line":5,"column":7},"end":{"line":7,"column":1}},"loc":{"start":{"line":5,"column":7},"end":{"line":7,"column":1}},"line":5},"1":{"name":"isInRange","decl":{"start":{"line":15,"column":7},"end":{"line":17,"column":1}},"loc":{"start":{"line":15,"column":7},"end":{"line":17,"column":1}},"line":15}},"f":{"0":5,"1":5}}
}
